# JRE version: OpenJDK Runtime Environment (19.0.1+10) (build 19.0.1+10-Ubuntu-1ubuntu122.04)
# Java VM: OpenJDK 64-Bit Server VM (19.0.1+10-Ubuntu-1ubuntu122.04, mixed mode, sharing, tiered, compressed oops, compressed class ptrs, g1 gc, linux-amd64)
GC Precious Log:
 CardTable entry size: 512
 Card Set container configuration: InlinePtr #cards 5 size 8 Array Of Cards #cards 12 size 40 Howl #buckets 4 coarsen threshold 1843 Howl Bitmap #cards 512 size 80 coarsen threshold 460 Card regions per heap region 1 cards per card region 2048
 CPUs: 4 total, 4 available
 Memory: 7949M
 Large Page Support: Disabled
 NUMA Support: Disabled
 Compressed Oops: Enabled (32-bit)
 Heap Region Size: 1M
 Heap Min Capacity: 8M
 Heap Initial Capacity: 126M
 Heap Max Capacity: 1988M
 Pre-touch: Disabled
 Parallel Workers: 4
 Concurrent Workers: 1
 Concurrent Refinement Workers: 4
 Periodic GC: Disabled
Heap:
 garbage-first heap   total 92160K, used 43504K [0x0000000083c00000, 0x0000000100000000)
  region size 1024K, 2 young (2048K), 1 survivors (1024K)
 Metaspace       used 68800K, committed 69504K, reserved 1114112K
  class space    used 8992K, committed 9344K, reserved 1048576K
GC Heap History (20 events):
Event: 2,813 GC heap before
{Heap before GC invocations=6 (full 0):
 garbage-first heap   total 92160K, used 30890K [0x0000000083c00000, 0x0000000100000000)
  region size 1024K, 7 young (7168K), 6 survivors (6144K)
 Metaspace       used 31845K, committed 32256K, reserved 1114112K
  class space    used 3782K, committed 3968K, reserved 1048576K
}
Event: 2,816 GC heap after
{Heap after GC invocations=7 (full 0):
 garbage-first heap   total 92160K, used 30668K [0x0000000083c00000, 0x0000000100000000)
  region size 1024K, 1 young (1024K), 1 survivors (1024K)
 Metaspace       used 31845K, committed 32256K, reserved 1114112K
  class space    used 3782K, committed 3968K, reserved 1048576K
}
Event: 3,345 GC heap before
{Heap before GC invocations=7 (full 0):
 garbage-first heap   total 92160K, used 62412K [0x0000000083c00000, 0x0000000100000000)
  region size 1024K, 33 young (33792K), 1 survivors (1024K)
 Metaspace       used 35102K, committed 35520K, reserved 1114112K
  class space    used 4203K, committed 4416K, reserved 1048576K
}
Event: 3,348 GC heap after
{Heap after GC invocations=8 (full 0):
 garbage-first heap   total 92160K, used 32430K [0x0000000083c00000, 0x0000000100000000)
  region size 1024K, 3 young (3072K), 3 survivors (3072K)
 Metaspace       used 35102K, committed 35520K, reserved 1114112K
  class space    used 4203K, committed 4416K, reserved 1048576K
}
Event: 3,551 GC heap before
{Heap before GC invocations=8 (full 0):
 garbage-first heap   total 92160K, used 39598K [0x0000000083c00000, 0x0000000100000000)
  region size 1024K, 11 young (11264K), 3 survivors (3072K)
 Metaspace       used 36228K, committed 36608K, reserved 1114112K
  class space    used 4365K, committed 4544K, reserved 1048576K
}
Event: 3,553 GC heap after
{Heap after GC invocations=9 (full 0):
 garbage-first heap   total 92160K, used 33123K [0x0000000083c00000, 0x0000000100000000)
  region size 1024K, 1 young (1024K), 1 survivors (1024K)
 Metaspace       used 36228K, committed 36608K, reserved 1114112K
  class space    used 4365K, committed 4544K, reserved 1048576K
}
Event: 4,223 GC heap before
{Heap before GC invocations=10 (full 0):
 garbage-first heap   total 92160K, used 65891K [0x0000000083c00000, 0x0000000100000000)
  region size 1024K, 34 young (34816K), 1 survivors (1024K)
 Metaspace       used 41527K, committed 42048K, reserved 1114112K
  class space    used 5120K, committed 5376K, reserved 1048576K
}
Event: 4,226 GC heap after
{Heap after GC invocations=11 (full 0):
 garbage-first heap   total 92160K, used 36814K [0x0000000083c00000, 0x0000000100000000)
  region size 1024K, 5 young (5120K), 5 survivors (5120K)
 Metaspace       used 41527K, committed 42048K, reserved 1114112K
  class space    used 5120K, committed 5376K, reserved 1048576K
}
Event: 4,248 GC heap before
{Heap before GC invocations=11 (full 0):
 garbage-first heap   total 92160K, used 37838K [0x0000000083c00000, 0x0000000100000000)
  region size 1024K, 6 young (6144K), 5 survivors (5120K)
 Metaspace       used 41632K, committed 42176K, reserved 1114112K
  class space    used 5131K, committed 5376K, reserved 1048576K
}
Event: 4,251 GC heap after
{Heap after GC invocations=12 (full 0):
 garbage-first heap   total 92160K, used 36952K [0x0000000083c00000, 0x0000000100000000)
  region size 1024K, 1 young (1024K), 1 survivors (1024K)
 Metaspace       used 41632K, committed 42176K, reserved 1114112K
  class space    used 5131K, committed 5376K, reserved 1048576K
}
Event: 4,900 GC heap before
{Heap before GC invocations=12 (full 0):
 garbage-first heap   total 92160K, used 68696K [0x0000000083c00000, 0x0000000100000000)
  region size 1024K, 32 young (32768K), 1 survivors (1024K)
 Metaspace       used 44111K, committed 44672K, reserved 1114112K
  class space    used 5481K, committed 5760K, reserved 1048576K
}
Event: 4,907 GC heap after
{Heap after GC invocations=13 (full 0):
 garbage-first heap   total 92160K, used 37660K [0x0000000083c00000, 0x0000000100000000)
  region size 1024K, 2 young (2048K), 2 survivors (2048K)
 Metaspace       used 44111K, committed 44672K, reserved 1114112K
  class space    used 5481K, committed 5760K, reserved 1048576K
}
Event: 5,929 GC heap before
{Heap before GC invocations=13 (full 0):
 garbage-first heap   total 92160K, used 68380K [0x0000000083c00000, 0x0000000100000000)
  region size 1024K, 33 young (33792K), 2 survivors (2048K)
 Metaspace       used 52620K, committed 53248K, reserved 1114112K
  class space    used 6535K, committed 6848K, reserved 1048576K
}
Event: 5,933 GC heap after
{Heap after GC invocations=14 (full 0):
 garbage-first heap   total 92160K, used 39990K [0x0000000083c00000, 0x0000000100000000)
  region size 1024K, 4 young (4096K), 4 survivors (4096K)
 Metaspace       used 52620K, committed 53248K, reserved 1114112K
  class space    used 6535K, committed 6848K, reserved 1048576K
}
Event: 6,870 GC heap before
{Heap before GC invocations=14 (full 0):
 garbage-first heap   total 92160K, used 67638K [0x0000000083c00000, 0x0000000100000000)
  region size 1024K, 33 young (33792K), 4 survivors (4096K)
 Metaspace       used 61041K, committed 61696K, reserved 1114112K
  class space    used 7800K, committed 8128K, reserved 1048576K
}
Event: 6,875 GC heap after
{Heap after GC invocations=15 (full 0):
 garbage-first heap   total 92160K, used 41496K [0x0000000083c00000, 0x0000000100000000)
  region size 1024K, 4 young (4096K), 4 survivors (4096K)
 Metaspace       used 61041K, committed 61696K, reserved 1114112K
  class space    used 7800K, committed 8128K, reserved 1048576K
}
Event: 7,552 GC heap before
{Heap before GC invocations=16 (full 0):
 garbage-first heap   total 92160K, used 73240K [0x0000000083c00000, 0x0000000100000000)
  region size 1024K, 35 young (35840K), 4 survivors (4096K)
 Metaspace       used 68456K, committed 69184K, reserved 1114112K
  class space    used 8972K, committed 9344K, reserved 1048576K
}
Event: 7,559 GC heap after
{Heap after GC invocations=17 (full 0):
 garbage-first heap   total 92160K, used 43233K [0x0000000083c00000, 0x0000000100000000)
  region size 1024K, 4 young (4096K), 4 survivors (4096K)
 Metaspace       used 68456K, committed 69184K, reserved 1114112K
  class space    used 8972K, committed 9344K, reserved 1048576K
}
Event: 7,573 GC heap before
{Heap before GC invocations=17 (full 0):
 garbage-first heap   total 92160K, used 44257K [0x0000000083c00000, 0x0000000100000000)
  region size 1024K, 5 young (5120K), 4 survivors (4096K)
 Metaspace       used 68536K, committed 69248K, reserved 1114112K
  class space    used 8981K, committed 9344K, reserved 1048576K
}
Event: 7,580 GC heap after
{Heap after GC invocations=18 (full 0):
 garbage-first heap   total 92160K, used 43504K [0x0000000083c00000, 0x0000000100000000)
  region size 1024K, 1 young (1024K), 1 survivors (1024K)
 Metaspace       used 68536K, committed 69248K, reserved 1114112K
  class space    used 8981K, committed 9344K, reserved 1048576K
}

