# JRE version: OpenJDK Runtime Environment (19.0.1+10) (build 19.0.1+10-Ubuntu-1ubuntu122.04)
# Java VM: OpenJDK 64-Bit Server VM (19.0.1+10-Ubuntu-1ubuntu122.04, mixed mode, sharing, tiered, compressed oops, compressed class ptrs, g1 gc, linux-amd64)
GC Precious Log:
 CardTable entry size: 512
 Card Set container configuration: InlinePtr #cards 5 size 8 Array Of Cards #cards 12 size 40 Howl #buckets 4 coarsen threshold 1843 Howl Bitmap #cards 512 size 80 coarsen threshold 460 Card regions per heap region 1 cards per card region 2048
 CPUs: 4 total, 4 available
 Memory: 7949M
 Large Page Support: Disabled
 NUMA Support: Disabled
 Compressed Oops: Enabled (32-bit)
 Heap Region Size: 1M
 Heap Min Capacity: 8M
 Heap Initial Capacity: 126M
 Heap Max Capacity: 1988M
 Pre-touch: Disabled
 Parallel Workers: 4
 Concurrent Workers: 1
 Concurrent Refinement Workers: 4
 Periodic GC: Disabled
Heap:
 garbage-first heap   total 89088K, used 40681K [0x0000000083c00000, 0x0000000100000000)
  region size 1024K, 14 young (14336K), 1 survivors (1024K)
 Metaspace       used 30481K, committed 30848K, reserved 1114112K
  class space    used 3613K, committed 3776K, reserved 1048576K
GC Heap History (10 events):
Event: 0,617 GC heap before
{Heap before GC invocations=0 (full 0):
 garbage-first heap   total 131072K, used 14304K [0x0000000083c00000, 0x0000000100000000)
  region size 1024K, 13 young (13312K), 0 survivors (0K)
 Metaspace       used 2615K, committed 2752K, reserved 1114112K
  class space    used 262K, committed 320K, reserved 1048576K
}
Event: 0,622 GC heap after
{Heap after GC invocations=1 (full 0):
 garbage-first heap   total 131072K, used 7512K [0x0000000083c00000, 0x0000000100000000)
  region size 1024K, 2 young (2048K), 2 survivors (2048K)
 Metaspace       used 2615K, committed 2752K, reserved 1114112K
  class space    used 262K, committed 320K, reserved 1048576K
}
Event: 0,962 GC heap before
{Heap before GC invocations=1 (full 0):
 garbage-first heap   total 131072K, used 22872K [0x0000000083c00000, 0x0000000100000000)
  region size 1024K, 17 young (17408K), 2 survivors (2048K)
 Metaspace       used 8298K, committed 8512K, reserved 1114112K
  class space    used 926K, committed 1024K, reserved 1048576K
}
Event: 0,967 GC heap after
{Heap after GC invocations=2 (full 0):
 garbage-first heap   total 131072K, used 9393K [0x0000000083c00000, 0x0000000100000000)
  region size 1024K, 2 young (2048K), 2 survivors (2048K)
 Metaspace       used 8298K, committed 8512K, reserved 1114112K
  class space    used 926K, committed 1024K, reserved 1048576K
}
Event: 1,858 GC heap before
{Heap before GC invocations=2 (full 0):
 garbage-first heap   total 131072K, used 65713K [0x0000000083c00000, 0x0000000100000000)
  region size 1024K, 55 young (56320K), 2 survivors (2048K)
 Metaspace       used 21164K, committed 21504K, reserved 1114112K
  class space    used 2514K, committed 2688K, reserved 1048576K
}
Event: 1,868 GC heap after
{Heap after GC invocations=3 (full 0):
 garbage-first heap   total 131072K, used 23708K [0x0000000083c00000, 0x0000000100000000)
  region size 1024K, 10 young (10240K), 10 survivors (10240K)
 Metaspace       used 21164K, committed 21504K, reserved 1114112K
  class space    used 2514K, committed 2688K, reserved 1048576K
}
Event: 2,457 GC heap before
{Heap before GC invocations=4 (full 0):
 garbage-first heap   total 89088K, used 66716K [0x0000000083c00000, 0x0000000100000000)
  region size 1024K, 52 young (53248K), 10 survivors (10240K)
 Metaspace       used 29754K, committed 30080K, reserved 1114112K
  class space    used 3525K, committed 3648K, reserved 1048576K
}
Event: 2,465 GC heap after
{Heap after GC invocations=5 (full 0):
 garbage-first heap   total 89088K, used 28571K [0x0000000083c00000, 0x0000000100000000)
  region size 1024K, 5 young (5120K), 5 survivors (5120K)
 Metaspace       used 29754K, committed 30080K, reserved 1114112K
  class space    used 3525K, committed 3648K, reserved 1048576K
}
Event: 2,476 GC heap before
{Heap before GC invocations=5 (full 0):
 garbage-first heap   total 89088K, used 29595K [0x0000000083c00000, 0x0000000100000000)
  region size 1024K, 6 young (6144K), 5 survivors (5120K)
 Metaspace       used 29782K, committed 30144K, reserved 1114112K
  class space    used 3529K, committed 3648K, reserved 1048576K
}
Event: 2,478 GC heap after
{Heap after GC invocations=6 (full 0):
 garbage-first heap   total 89088K, used 29417K [0x0000000083c00000, 0x0000000100000000)
  region size 1024K, 1 young (1024K), 1 survivors (1024K)
 Metaspace       used 29782K, committed 30144K, reserved 1114112K
  class space    used 3529K, committed 3648K, reserved 1048576K
}

