# JRE version: OpenJDK Runtime Environment Temurin-17.0.6+10 (17.0.6+10) (build 17.0.6+10)
# Java VM: OpenJDK 64-Bit Server VM Temurin-17.0.6+10 (17.0.6+10, mixed mode, tiered, compressed oops, compressed class ptrs, parallel gc, linux-amd64)
GC Precious Log:
 CPUs: 4 total, 4 available
 Memory: 7949M
 Large Page Support: Disabled
 NUMA Support: Disabled
 Compressed Oops: Enabled (32-bit)
 Alignments: Space 512K, Generation 512K, Heap 2M
 Heap Min Capacity: 100M
 Heap Initial Capacity: 100M
 Heap Max Capacity: 1G
 Pre-touch: Disabled
 Parallel Workers: 4
Heap:
 PSYoungGen      total 9216K, used 8896K [0x00000000eab00000, 0x00000000eb700000, 0x0000000100000000)
  eden space 8192K, 100% used [0x00000000eab00000,0x00000000eb300000,0x00000000eb300000)
  from space 1024K, 68% used [0x00000000eb380000,0x00000000eb430000,0x00000000eb480000)
  to   space 1536K, 0% used [0x00000000eb580000,0x00000000eb580000,0x00000000eb700000)
 ParOldGen       total 195072K, used 185933K [0x00000000c0000000, 0x00000000cbe80000, 0x00000000eab00000)
  object space 195072K, 95% used [0x00000000c0000000,0x00000000cb5934d0,0x00000000cbe80000)
 Metaspace       used 86101K, committed 87360K, reserved 1130496K
  class space    used 8507K, committed 9088K, reserved 1048576K
GC Heap History (20 events):
Event: 2072,123 GC heap before
{Heap before GC invocations=1174 (full 50):
 PSYoungGen      total 11776K, used 11764K [0x00000000eab00000, 0x00000000ec600000, 0x0000000100000000)
  eden space 8192K, 100% used [0x00000000eab00000,0x00000000eb300000,0x00000000eb300000)
  from space 3584K, 99% used [0x00000000eb300000,0x00000000eb67d200,0x00000000eb680000)
  to   space 9728K, 0% used [0x00000000ebc80000,0x00000000ebc80000,0x00000000ec600000)
 ParOldGen       total 195072K, used 171809K [0x00000000c0000000, 0x00000000cbe80000, 0x00000000eab00000)
  object space 195072K, 88% used [0x00000000c0000000,0x00000000ca7c85b8,0x00000000cbe80000)
 Metaspace       used 86091K, committed 87360K, reserved 1130496K
  class space    used 8507K, committed 9088K, reserved 1048576K
}
Event: 2072,125 GC heap after
{Heap after GC invocations=1174 (full 50):
 PSYoungGen      total 9216K, used 864K [0x00000000eab00000, 0x00000000ebd80000, 0x0000000100000000)
  eden space 8192K, 0% used [0x00000000eab00000,0x00000000eab00000,0x00000000eb300000)
  from space 1024K, 84% used [0x00000000ebc80000,0x00000000ebd58000,0x00000000ebd80000)
  to   space 4096K, 0% used [0x00000000eb580000,0x00000000eb580000,0x00000000eb980000)
 ParOldGen       total 195072K, used 175389K [0x00000000c0000000, 0x00000000cbe80000, 0x00000000eab00000)
  object space 195072K, 89% used [0x00000000c0000000,0x00000000cab477b8,0x00000000cbe80000)
 Metaspace       used 86091K, committed 87360K, reserved 1130496K
  class space    used 8507K, committed 9088K, reserved 1048576K
}
Event: 2072,134 GC heap before
{Heap before GC invocations=1175 (full 50):
 PSYoungGen      total 9216K, used 9056K [0x00000000eab00000, 0x00000000ebd80000, 0x0000000100000000)
  eden space 8192K, 100% used [0x00000000eab00000,0x00000000eb300000,0x00000000eb300000)
  from space 1024K, 84% used [0x00000000ebc80000,0x00000000ebd58000,0x00000000ebd80000)
  to   space 4096K, 0% used [0x00000000eb580000,0x00000000eb580000,0x00000000eb980000)
 ParOldGen       total 195072K, used 175389K [0x00000000c0000000, 0x00000000cbe80000, 0x00000000eab00000)
  object space 195072K, 89% used [0x00000000c0000000,0x00000000cab477b8,0x00000000cbe80000)
 Metaspace       used 86091K, committed 87360K, reserved 1130496K
  class space    used 8507K, committed 9088K, reserved 1048576K
}
Event: 2072,136 GC heap after
{Heap after GC invocations=1175 (full 50):
 PSYoungGen      total 12288K, used 789K [0x00000000eab00000, 0x00000000ebd00000, 0x0000000100000000)
  eden space 8192K, 0% used [0x00000000eab00000,0x00000000eab00000,0x00000000eb300000)
  from space 4096K, 19% used [0x00000000eb580000,0x00000000eb645758,0x00000000eb980000)
  to   space 1536K, 0% used [0x00000000ebb80000,0x00000000ebb80000,0x00000000ebd00000)
 ParOldGen       total 195072K, used 176221K [0x00000000c0000000, 0x00000000cbe80000, 0x00000000eab00000)
  object space 195072K, 90% used [0x00000000c0000000,0x00000000cac177d8,0x00000000cbe80000)
 Metaspace       used 86091K, committed 87360K, reserved 1130496K
  class space    used 8507K, committed 9088K, reserved 1048576K
}
Event: 2072,154 GC heap before
{Heap before GC invocations=1176 (full 50):
 PSYoungGen      total 12288K, used 8981K [0x00000000eab00000, 0x00000000ebd00000, 0x0000000100000000)
  eden space 8192K, 100% used [0x00000000eab00000,0x00000000eb300000,0x00000000eb300000)
  from space 4096K, 19% used [0x00000000eb580000,0x00000000eb645758,0x00000000eb980000)
  to   space 1536K, 0% used [0x00000000ebb80000,0x00000000ebb80000,0x00000000ebd00000)
 ParOldGen       total 195072K, used 176221K [0x00000000c0000000, 0x00000000cbe80000, 0x00000000eab00000)
  object space 195072K, 90% used [0x00000000c0000000,0x00000000cac177d8,0x00000000cbe80000)
 Metaspace       used 86092K, committed 87360K, reserved 1130496K
  class space    used 8507K, committed 9088K, reserved 1048576K
}
Event: 2072,156 GC heap after
{Heap after GC invocations=1176 (full 50):
 PSYoungGen      total 9216K, used 960K [0x00000000eab00000, 0x00000000ebc80000, 0x0000000100000000)
  eden space 8192K, 0% used [0x00000000eab00000,0x00000000eab00000,0x00000000eb300000)
  from space 1024K, 93% used [0x00000000ebb80000,0x00000000ebc70000,0x00000000ebc80000)
  to   space 1024K, 0% used [0x00000000eba80000,0x00000000eba80000,0x00000000ebb80000)
 ParOldGen       total 195072K, used 176947K [0x00000000c0000000, 0x00000000cbe80000, 0x00000000eab00000)
  object space 195072K, 90% used [0x00000000c0000000,0x00000000cacccf60,0x00000000cbe80000)
 Metaspace       used 86092K, committed 87360K, reserved 1130496K
  class space    used 8507K, committed 9088K, reserved 1048576K
}
Event: 2072,241 GC heap before
{Heap before GC invocations=1177 (full 50):
 PSYoungGen      total 9216K, used 9151K [0x00000000eab00000, 0x00000000ebc80000, 0x0000000100000000)
  eden space 8192K, 99% used [0x00000000eab00000,0x00000000eb2ffff8,0x00000000eb300000)
  from space 1024K, 93% used [0x00000000ebb80000,0x00000000ebc70000,0x00000000ebc80000)
  to   space 1024K, 0% used [0x00000000eba80000,0x00000000eba80000,0x00000000ebb80000)
 ParOldGen       total 195072K, used 176947K [0x00000000c0000000, 0x00000000cbe80000, 0x00000000eab00000)
  object space 195072K, 90% used [0x00000000c0000000,0x00000000cacccf60,0x00000000cbe80000)
 Metaspace       used 86092K, committed 87360K, reserved 1130496K
  class space    used 8507K, committed 9088K, reserved 1048576K
}
Event: 2072,242 GC heap after
{Heap after GC invocations=1177 (full 50):
 PSYoungGen      total 9216K, used 794K [0x00000000eab00000, 0x00000000ebc00000, 0x0000000100000000)
  eden space 8192K, 0% used [0x00000000eab00000,0x00000000eab00000,0x00000000eb300000)
  from space 1024K, 77% used [0x00000000eba80000,0x00000000ebb46900,0x00000000ebb80000)
  to   space 512K, 0% used [0x00000000ebb80000,0x00000000ebb80000,0x00000000ebc00000)
 ParOldGen       total 195072K, used 177789K [0x00000000c0000000, 0x00000000cbe80000, 0x00000000eab00000)
  object space 195072K, 91% used [0x00000000c0000000,0x00000000cad9f5e0,0x00000000cbe80000)
 Metaspace       used 86092K, committed 87360K, reserved 1130496K
  class space    used 8507K, committed 9088K, reserved 1048576K
}
Event: 2072,251 GC heap before
{Heap before GC invocations=1178 (full 50):
 PSYoungGen      total 9216K, used 8985K [0x00000000eab00000, 0x00000000ebc00000, 0x0000000100000000)
  eden space 8192K, 99% used [0x00000000eab00000,0x00000000eb2ffd88,0x00000000eb300000)
  from space 1024K, 77% used [0x00000000eba80000,0x00000000ebb46900,0x00000000ebb80000)
  to   space 512K, 0% used [0x00000000ebb80000,0x00000000ebb80000,0x00000000ebc00000)
 ParOldGen       total 195072K, used 177789K [0x00000000c0000000, 0x00000000cbe80000, 0x00000000eab00000)
  object space 195072K, 91% used [0x00000000c0000000,0x00000000cad9f5e0,0x00000000cbe80000)
 Metaspace       used 86092K, committed 87360K, reserved 1130496K
  class space    used 8507K, committed 9088K, reserved 1048576K
}
Event: 2072,253 GC heap after
{Heap after GC invocations=1178 (full 50):
 PSYoungGen      total 8704K, used 495K [0x00000000eab00000, 0x00000000ec100000, 0x0000000100000000)
  eden space 8192K, 0% used [0x00000000eab00000,0x00000000eab00000,0x00000000eb300000)
  from space 512K, 96% used [0x00000000ebb80000,0x00000000ebbfbc98,0x00000000ebc00000)
  to   space 7168K, 0% used [0x00000000eb300000,0x00000000eb300000,0x00000000eba00000)
 ParOldGen       total 195072K, used 183226K [0x00000000c0000000, 0x00000000cbe80000, 0x00000000eab00000)
  object space 195072K, 93% used [0x00000000c0000000,0x00000000cb2eebe8,0x00000000cbe80000)
 Metaspace       used 86092K, committed 87360K, reserved 1130496K
  class space    used 8507K, committed 9088K, reserved 1048576K
}
Event: 2072,266 GC heap before
{Heap before GC invocations=1179 (full 50):
 PSYoungGen      total 8704K, used 8687K [0x00000000eab00000, 0x00000000ec100000, 0x0000000100000000)
  eden space 8192K, 100% used [0x00000000eab00000,0x00000000eb300000,0x00000000eb300000)
  from space 512K, 96% used [0x00000000ebb80000,0x00000000ebbfbc98,0x00000000ebc00000)
  to   space 7168K, 0% used [0x00000000eb300000,0x00000000eb300000,0x00000000eba00000)
 ParOldGen       total 195072K, used 183226K [0x00000000c0000000, 0x00000000cbe80000, 0x00000000eab00000)
  object space 195072K, 93% used [0x00000000c0000000,0x00000000cb2eebe8,0x00000000cbe80000)
 Metaspace       used 86094K, committed 87360K, reserved 1130496K
  class space    used 8507K, committed 9088K, reserved 1048576K
}
Event: 2072,268 GC heap after
{Heap after GC invocations=1179 (full 50):
 PSYoungGen      total 12800K, used 4361K [0x00000000eab00000, 0x00000000ebd00000, 0x0000000100000000)
  eden space 8192K, 0% used [0x00000000eab00000,0x00000000eab00000,0x00000000eb300000)
  from space 4608K, 94% used [0x00000000eb300000,0x00000000eb742550,0x00000000eb780000)
  to   space 5120K, 0% used [0x00000000eb800000,0x00000000eb800000,0x00000000ebd00000)
 ParOldGen       total 195072K, used 183733K [0x00000000c0000000, 0x00000000cbe80000, 0x00000000eab00000)
  object space 195072K, 94% used [0x00000000c0000000,0x00000000cb36d548,0x00000000cbe80000)
 Metaspace       used 86094K, committed 87360K, reserved 1130496K
  class space    used 8507K, committed 9088K, reserved 1048576K
}
Event: 2072,292 GC heap before
{Heap before GC invocations=1180 (full 50):
 PSYoungGen      total 12800K, used 12482K [0x00000000eab00000, 0x00000000ebd00000, 0x0000000100000000)
  eden space 8192K, 99% used [0x00000000eab00000,0x00000000eb2ee338,0x00000000eb300000)
  from space 4608K, 94% used [0x00000000eb300000,0x00000000eb742550,0x00000000eb780000)
  to   space 5120K, 0% used [0x00000000eb800000,0x00000000eb800000,0x00000000ebd00000)
 ParOldGen       total 195072K, used 183733K [0x00000000c0000000, 0x00000000cbe80000, 0x00000000eab00000)
  object space 195072K, 94% used [0x00000000c0000000,0x00000000cb36d548,0x00000000cbe80000)
 Metaspace       used 86096K, committed 87360K, reserved 1130496K
  class space    used 8507K, committed 9088K, reserved 1048576K
}
Event: 2072,294 GC heap after
{Heap after GC invocations=1180 (full 50):
 PSYoungGen      total 11264K, used 2712K [0x00000000eab00000, 0x00000000ebb00000, 0x0000000100000000)
  eden space 8192K, 0% used [0x00000000eab00000,0x00000000eab00000,0x00000000eb300000)
  from space 3072K, 88% used [0x00000000eb800000,0x00000000ebaa60a8,0x00000000ebb00000)
  to   space 3584K, 0% used [0x00000000eb400000,0x00000000eb400000,0x00000000eb780000)
 ParOldGen       total 195072K, used 184994K [0x00000000c0000000, 0x00000000cbe80000, 0x00000000eab00000)
  object space 195072K, 94% used [0x00000000c0000000,0x00000000cb4a8b10,0x00000000cbe80000)
 Metaspace       used 86096K, committed 87360K, reserved 1130496K
  class space    used 8507K, committed 9088K, reserved 1048576K
}
Event: 2072,303 GC heap before
{Heap before GC invocations=1181 (full 50):
 PSYoungGen      total 11264K, used 10847K [0x00000000eab00000, 0x00000000ebb00000, 0x0000000100000000)
  eden space 8192K, 99% used [0x00000000eab00000,0x00000000eb2f1ba0,0x00000000eb300000)
  from space 3072K, 88% used [0x00000000eb800000,0x00000000ebaa60a8,0x00000000ebb00000)
  to   space 3584K, 0% used [0x00000000eb400000,0x00000000eb400000,0x00000000eb780000)
 ParOldGen       total 195072K, used 184994K [0x00000000c0000000, 0x00000000cbe80000, 0x00000000eab00000)
  object space 195072K, 94% used [0x00000000c0000000,0x00000000cb4a8b10,0x00000000cbe80000)
 Metaspace       used 86096K, committed 87360K, reserved 1130496K
  class space    used 8507K, committed 9088K, reserved 1048576K
}
Event: 2072,304 GC heap after
{Heap after GC invocations=1181 (full 50):
 PSYoungGen      total 10752K, used 2189K [0x00000000eab00000, 0x00000000eb880000, 0x0000000100000000)
  eden space 8192K, 0% used [0x00000000eab00000,0x00000000eab00000,0x00000000eb300000)
  from space 2560K, 85% used [0x00000000eb400000,0x00000000eb623418,0x00000000eb680000)
  to   space 2048K, 0% used [0x00000000eb680000,0x00000000eb680000,0x00000000eb880000)
 ParOldGen       total 195072K, used 185757K [0x00000000c0000000, 0x00000000cbe80000, 0x00000000eab00000)
  object space 195072K, 95% used [0x00000000c0000000,0x00000000cb5674d0,0x00000000cbe80000)
 Metaspace       used 86096K, committed 87360K, reserved 1130496K
  class space    used 8507K, committed 9088K, reserved 1048576K
}
Event: 2072,312 GC heap before
{Heap before GC invocations=1182 (full 50):
 PSYoungGen      total 10752K, used 10342K [0x00000000eab00000, 0x00000000eb880000, 0x0000000100000000)
  eden space 8192K, 99% used [0x00000000eab00000,0x00000000eb2f67c0,0x00000000eb300000)
  from space 2560K, 85% used [0x00000000eb400000,0x00000000eb623418,0x00000000eb680000)
  to   space 2048K, 0% used [0x00000000eb680000,0x00000000eb680000,0x00000000eb880000)
 ParOldGen       total 195072K, used 185757K [0x00000000c0000000, 0x00000000cbe80000, 0x00000000eab00000)
  object space 195072K, 95% used [0x00000000c0000000,0x00000000cb5674d0,0x00000000cbe80000)
 Metaspace       used 86096K, committed 87360K, reserved 1130496K
  class space    used 8507K, committed 9088K, reserved 1048576K
}
Event: 2072,313 GC heap after
{Heap after GC invocations=1182 (full 50):
 PSYoungGen      total 10240K, used 2017K [0x00000000eab00000, 0x00000000eb880000, 0x0000000100000000)
  eden space 8192K, 0% used [0x00000000eab00000,0x00000000eab00000,0x00000000eb300000)
  from space 2048K, 98% used [0x00000000eb680000,0x00000000eb8785d0,0x00000000eb880000)
  to   space 2560K, 0% used [0x00000000eb380000,0x00000000eb380000,0x00000000eb600000)
 ParOldGen       total 195072K, used 185917K [0x00000000c0000000, 0x00000000cbe80000, 0x00000000eab00000)
  object space 195072K, 95% used [0x00000000c0000000,0x00000000cb58f4d0,0x00000000cbe80000)
 Metaspace       used 86096K, committed 87360K, reserved 1130496K
  class space    used 8507K, committed 9088K, reserved 1048576K
}
Event: 2072,334 GC heap before
{Heap before GC invocations=1183 (full 50):
 PSYoungGen      total 10240K, used 10209K [0x00000000eab00000, 0x00000000eb880000, 0x0000000100000000)
  eden space 8192K, 100% used [0x00000000eab00000,0x00000000eb300000,0x00000000eb300000)
  from space 2048K, 98% used [0x00000000eb680000,0x00000000eb8785d0,0x00000000eb880000)
  to   space 2560K, 0% used [0x00000000eb380000,0x00000000eb380000,0x00000000eb600000)
 ParOldGen       total 195072K, used 185917K [0x00000000c0000000, 0x00000000cbe80000, 0x00000000eab00000)
  object space 195072K, 95% used [0x00000000c0000000,0x00000000cb58f4d0,0x00000000cbe80000)
 Metaspace       used 86099K, committed 87360K, reserved 1130496K
  class space    used 8507K, committed 9088K, reserved 1048576K
}
Event: 2072,335 GC heap after
{Heap after GC invocations=1183 (full 50):
 PSYoungGen      total 9216K, used 704K [0x00000000eab00000, 0x00000000eb700000, 0x0000000100000000)
  eden space 8192K, 0% used [0x00000000eab00000,0x00000000eab00000,0x00000000eb300000)
  from space 1024K, 68% used [0x00000000eb380000,0x00000000eb430000,0x00000000eb480000)
  to   space 1536K, 0% used [0x00000000eb580000,0x00000000eb580000,0x00000000eb700000)
 ParOldGen       total 195072K, used 185933K [0x00000000c0000000, 0x00000000cbe80000, 0x00000000eab00000)
  object space 195072K, 95% used [0x00000000c0000000,0x00000000cb5934d0,0x00000000cbe80000)
 Metaspace       used 86099K, committed 87360K, reserved 1130496K
  class space    used 8507K, committed 9088K, reserved 1048576K
}

