# JRE version: OpenJDK Runtime Environment Temurin-17.0.6+10 (17.0.6+10) (build 17.0.6+10)
# Java VM: OpenJDK 64-Bit Server VM Temurin-17.0.6+10 (17.0.6+10, mixed mode, tiered, compressed oops, compressed class ptrs, parallel gc, linux-amd64)
GC Precious Log:
 CPUs: 4 total, 4 available
 Memory: 7949M
 Large Page Support: Disabled
 NUMA Support: Disabled
 Compressed Oops: Enabled (32-bit)
 Alignments: Space 512K, Generation 512K, Heap 2M
 Heap Min Capacity: 100M
 Heap Initial Capacity: 100M
 Heap Max Capacity: 1G
 Pre-touch: Disabled
 Parallel Workers: 4
Heap:
 PSYoungGen      total 15872K, used 14561K [0x00000000eab00000, 0x00000000ebd80000, 0x0000000100000000)
  eden space 14336K, 93% used [0x00000000eab00000,0x00000000eb8087e8,0x00000000eb900000)
  from space 1536K, 79% used [0x00000000eb900000,0x00000000eba30000,0x00000000eba80000)
  to   space 1536K, 0% used [0x00000000ebc00000,0x00000000ebc00000,0x00000000ebd80000)
 ParOldGen       total 166912K, used 138560K [0x00000000c0000000, 0x00000000ca300000, 0x00000000eab00000)
  object space 166912K, 83% used [0x00000000c0000000,0x00000000c87503d0,0x00000000ca300000)
 Metaspace       used 73439K, committed 74624K, reserved 1122304K
  class space    used 7568K, committed 8064K, reserved 1048576K
GC Heap History (20 events):
Event: 49,759 GC heap before
{Heap before GC invocations=96 (full 7):
 PSYoungGen      total 8192K, used 8192K [0x00000000eab00000, 0x00000000ebd80000, 0x0000000100000000)
  eden space 7168K, 100% used [0x00000000eab00000,0x00000000eb200000,0x00000000eb200000)
  from space 1024K, 100% used [0x00000000ebc00000,0x00000000ebd00000,0x00000000ebd00000)
  to   space 512K, 0% used [0x00000000ebd00000,0x00000000ebd00000,0x00000000ebd80000)
 ParOldGen       total 166912K, used 135762K [0x00000000c0000000, 0x00000000ca300000, 0x00000000eab00000)
  object space 166912K, 81% used [0x00000000c0000000,0x00000000c84949c8,0x00000000ca300000)
 Metaspace       used 73318K, committed 74496K, reserved 1122304K
  class space    used 7561K, committed 8064K, reserved 1048576K
}
Event: 49,761 GC heap after
{Heap after GC invocations=96 (full 7):
 PSYoungGen      total 8704K, used 512K [0x00000000eab00000, 0x00000000ebd80000, 0x0000000100000000)
  eden space 8192K, 0% used [0x00000000eab00000,0x00000000eab00000,0x00000000eb300000)
  from space 512K, 100% used [0x00000000ebd00000,0x00000000ebd80000,0x00000000ebd80000)
  to   space 1536K, 0% used [0x00000000eba80000,0x00000000eba80000,0x00000000ebc00000)
 ParOldGen       total 166912K, used 136448K [0x00000000c0000000, 0x00000000ca300000, 0x00000000eab00000)
  object space 166912K, 81% used [0x00000000c0000000,0x00000000c8540040,0x00000000ca300000)
 Metaspace       used 73318K, committed 74496K, reserved 1122304K
  class space    used 7561K, committed 8064K, reserved 1048576K
}
Event: 49,791 GC heap before
{Heap before GC invocations=97 (full 7):
 PSYoungGen      total 8704K, used 8561K [0x00000000eab00000, 0x00000000ebd80000, 0x0000000100000000)
  eden space 8192K, 98% used [0x00000000eab00000,0x00000000eb2dc6d8,0x00000000eb300000)
  from space 512K, 100% used [0x00000000ebd00000,0x00000000ebd80000,0x00000000ebd80000)
  to   space 1536K, 0% used [0x00000000eba80000,0x00000000eba80000,0x00000000ebc00000)
 ParOldGen       total 166912K, used 136448K [0x00000000c0000000, 0x00000000ca300000, 0x00000000eab00000)
  object space 166912K, 81% used [0x00000000c0000000,0x00000000c8540040,0x00000000ca300000)
 Metaspace       used 73318K, committed 74496K, reserved 1122304K
  class space    used 7561K, committed 8064K, reserved 1048576K
}
Event: 49,792 GC heap after
{Heap after GC invocations=97 (full 7):
 PSYoungGen      total 9728K, used 1090K [0x00000000eab00000, 0x00000000ebd80000, 0x0000000100000000)
  eden space 8192K, 0% used [0x00000000eab00000,0x00000000eab00000,0x00000000eb300000)
  from space 1536K, 70% used [0x00000000eba80000,0x00000000ebb90800,0x00000000ebc00000)
  to   space 1536K, 0% used [0x00000000ebc00000,0x00000000ebc00000,0x00000000ebd80000)
 ParOldGen       total 166912K, used 136576K [0x00000000c0000000, 0x00000000ca300000, 0x00000000eab00000)
  object space 166912K, 81% used [0x00000000c0000000,0x00000000c8560040,0x00000000ca300000)
 Metaspace       used 73318K, committed 74496K, reserved 1122304K
  class space    used 7561K, committed 8064K, reserved 1048576K
}
Event: 49,819 GC heap before
{Heap before GC invocations=98 (full 7):
 PSYoungGen      total 9728K, used 8616K [0x00000000eab00000, 0x00000000ebd80000, 0x0000000100000000)
  eden space 8192K, 91% used [0x00000000eab00000,0x00000000eb259a70,0x00000000eb300000)
  from space 1536K, 70% used [0x00000000eba80000,0x00000000ebb90800,0x00000000ebc00000)
  to   space 1536K, 0% used [0x00000000ebc00000,0x00000000ebc00000,0x00000000ebd80000)
 ParOldGen       total 166912K, used 136576K [0x00000000c0000000, 0x00000000ca300000, 0x00000000eab00000)
  object space 166912K, 81% used [0x00000000c0000000,0x00000000c8560040,0x00000000ca300000)
 Metaspace       used 73319K, committed 74496K, reserved 1122304K
  class space    used 7561K, committed 8064K, reserved 1048576K
}
Event: 49,821 GC heap after
{Heap after GC invocations=98 (full 7):
 PSYoungGen      total 9728K, used 1506K [0x00000000eab00000, 0x00000000ebd80000, 0x0000000100000000)
  eden space 8192K, 0% used [0x00000000eab00000,0x00000000eab00000,0x00000000eb300000)
  from space 1536K, 98% used [0x00000000ebc00000,0x00000000ebd78800,0x00000000ebd80000)
  to   space 2048K, 0% used [0x00000000eb980000,0x00000000eb980000,0x00000000ebb80000)
 ParOldGen       total 166912K, used 136576K [0x00000000c0000000, 0x00000000ca300000, 0x00000000eab00000)
  object space 166912K, 81% used [0x00000000c0000000,0x00000000c8560040,0x00000000ca300000)
 Metaspace       used 73319K, committed 74496K, reserved 1122304K
  class space    used 7561K, committed 8064K, reserved 1048576K
}
Event: 49,832 GC heap before
{Heap before GC invocations=99 (full 7):
 PSYoungGen      total 9728K, used 9149K [0x00000000eab00000, 0x00000000ebd80000, 0x0000000100000000)
  eden space 8192K, 93% used [0x00000000eab00000,0x00000000eb276fb8,0x00000000eb300000)
  from space 1536K, 98% used [0x00000000ebc00000,0x00000000ebd78800,0x00000000ebd80000)
  to   space 2048K, 0% used [0x00000000eb980000,0x00000000eb980000,0x00000000ebb80000)
 ParOldGen       total 166912K, used 136576K [0x00000000c0000000, 0x00000000ca300000, 0x00000000eab00000)
  object space 166912K, 81% used [0x00000000c0000000,0x00000000c8560040,0x00000000ca300000)
 Metaspace       used 73319K, committed 74496K, reserved 1122304K
  class space    used 7561K, committed 8064K, reserved 1048576K
}
Event: 49,833 GC heap after
{Heap after GC invocations=99 (full 7):
 PSYoungGen      total 10240K, used 1538K [0x00000000eab00000, 0x00000000ebc80000, 0x0000000100000000)
  eden space 8192K, 0% used [0x00000000eab00000,0x00000000eab00000,0x00000000eb300000)
  from space 2048K, 75% used [0x00000000eb980000,0x00000000ebb00800,0x00000000ebb80000)
  to   space 1024K, 0% used [0x00000000ebb80000,0x00000000ebb80000,0x00000000ebc80000)
 ParOldGen       total 166912K, used 136576K [0x00000000c0000000, 0x00000000ca300000, 0x00000000eab00000)
  object space 166912K, 81% used [0x00000000c0000000,0x00000000c8560040,0x00000000ca300000)
 Metaspace       used 73319K, committed 74496K, reserved 1122304K
  class space    used 7561K, committed 8064K, reserved 1048576K
}
Event: 49,848 GC heap before
{Heap before GC invocations=100 (full 7):
 PSYoungGen      total 10240K, used 9255K [0x00000000eab00000, 0x00000000ebc80000, 0x0000000100000000)
  eden space 8192K, 94% used [0x00000000eab00000,0x00000000eb2894e8,0x00000000eb300000)
  from space 2048K, 75% used [0x00000000eb980000,0x00000000ebb00800,0x00000000ebb80000)
  to   space 1024K, 0% used [0x00000000ebb80000,0x00000000ebb80000,0x00000000ebc80000)
 ParOldGen       total 166912K, used 136576K [0x00000000c0000000, 0x00000000ca300000, 0x00000000eab00000)
  object space 166912K, 81% used [0x00000000c0000000,0x00000000c8560040,0x00000000ca300000)
 Metaspace       used 73325K, committed 74496K, reserved 1122304K
  class space    used 7561K, committed 8064K, reserved 1048576K
}
Event: 49,849 GC heap after
{Heap after GC invocations=100 (full 7):
 PSYoungGen      total 10240K, used 994K [0x00000000eab00000, 0x00000000ebc80000, 0x0000000100000000)
  eden space 9216K, 0% used [0x00000000eab00000,0x00000000eab00000,0x00000000eb400000)
  from space 1024K, 97% used [0x00000000ebb80000,0x00000000ebc78800,0x00000000ebc80000)
  to   space 2048K, 0% used [0x00000000eb880000,0x00000000eb880000,0x00000000eba80000)
 ParOldGen       total 166912K, used 137454K [0x00000000c0000000, 0x00000000ca300000, 0x00000000eab00000)
  object space 166912K, 82% used [0x00000000c0000000,0x00000000c863b8a8,0x00000000ca300000)
 Metaspace       used 73325K, committed 74496K, reserved 1122304K
  class space    used 7561K, committed 8064K, reserved 1048576K
}
Event: 49,861 GC heap before
{Heap before GC invocations=101 (full 7):
 PSYoungGen      total 10240K, used 9631K [0x00000000eab00000, 0x00000000ebc80000, 0x0000000100000000)
  eden space 9216K, 93% used [0x00000000eab00000,0x00000000eb36f5b8,0x00000000eb400000)
  from space 1024K, 97% used [0x00000000ebb80000,0x00000000ebc78800,0x00000000ebc80000)
  to   space 2048K, 0% used [0x00000000eb880000,0x00000000eb880000,0x00000000eba80000)
 ParOldGen       total 166912K, used 137454K [0x00000000c0000000, 0x00000000ca300000, 0x00000000eab00000)
  object space 166912K, 82% used [0x00000000c0000000,0x00000000c863b8a8,0x00000000ca300000)
 Metaspace       used 73325K, committed 74496K, reserved 1122304K
  class space    used 7561K, committed 8064K, reserved 1048576K
}
Event: 49,862 GC heap after
{Heap after GC invocations=101 (full 7):
 PSYoungGen      total 12288K, used 1058K [0x00000000eab00000, 0x00000000ebc00000, 0x0000000100000000)
  eden space 10240K, 0% used [0x00000000eab00000,0x00000000eab00000,0x00000000eb500000)
  from space 2048K, 51% used [0x00000000eb880000,0x00000000eb988800,0x00000000eba80000)
  to   space 1536K, 0% used [0x00000000eba80000,0x00000000eba80000,0x00000000ebc00000)
 ParOldGen       total 166912K, used 137550K [0x00000000c0000000, 0x00000000ca300000, 0x00000000eab00000)
  object space 166912K, 82% used [0x00000000c0000000,0x00000000c86538a8,0x00000000ca300000)
 Metaspace       used 73325K, committed 74496K, reserved 1122304K
  class space    used 7561K, committed 8064K, reserved 1048576K
}
Event: 49,881 GC heap before
{Heap before GC invocations=102 (full 7):
 PSYoungGen      total 12288K, used 11232K [0x00000000eab00000, 0x00000000ebc00000, 0x0000000100000000)
  eden space 10240K, 99% used [0x00000000eab00000,0x00000000eb4ef9d8,0x00000000eb500000)
  from space 2048K, 51% used [0x00000000eb880000,0x00000000eb988800,0x00000000eba80000)
  to   space 1536K, 0% used [0x00000000eba80000,0x00000000eba80000,0x00000000ebc00000)
 ParOldGen       total 166912K, used 137550K [0x00000000c0000000, 0x00000000ca300000, 0x00000000eab00000)
  object space 166912K, 82% used [0x00000000c0000000,0x00000000c86538a8,0x00000000ca300000)
 Metaspace       used 73325K, committed 74496K, reserved 1122304K
  class space    used 7561K, committed 8064K, reserved 1048576K
}
Event: 49,887 GC heap after
{Heap after GC invocations=102 (full 7):
 PSYoungGen      total 12800K, used 1122K [0x00000000eab00000, 0x00000000ebc00000, 0x0000000100000000)
  eden space 11264K, 0% used [0x00000000eab00000,0x00000000eab00000,0x00000000eb600000)
  from space 1536K, 73% used [0x00000000eba80000,0x00000000ebb98800,0x00000000ebc00000)
  to   space 1536K, 0% used [0x00000000eb900000,0x00000000eb900000,0x00000000eba80000)
 ParOldGen       total 166912K, used 137550K [0x00000000c0000000, 0x00000000ca300000, 0x00000000eab00000)
  object space 166912K, 82% used [0x00000000c0000000,0x00000000c86538a8,0x00000000ca300000)
 Metaspace       used 73325K, committed 74496K, reserved 1122304K
  class space    used 7561K, committed 8064K, reserved 1048576K
}
Event: 49,904 GC heap before
{Heap before GC invocations=103 (full 7):
 PSYoungGen      total 12800K, used 11682K [0x00000000eab00000, 0x00000000ebc00000, 0x0000000100000000)
  eden space 11264K, 93% used [0x00000000eab00000,0x00000000eb550090,0x00000000eb600000)
  from space 1536K, 73% used [0x00000000eba80000,0x00000000ebb98800,0x00000000ebc00000)
  to   space 1536K, 0% used [0x00000000eb900000,0x00000000eb900000,0x00000000eba80000)
 ParOldGen       total 166912K, used 137550K [0x00000000c0000000, 0x00000000ca300000, 0x00000000eab00000)
  object space 166912K, 82% used [0x00000000c0000000,0x00000000c86538a8,0x00000000ca300000)
 Metaspace       used 73331K, committed 74496K, reserved 1122304K
  class space    used 7561K, committed 8064K, reserved 1048576K
}
Event: 49,905 GC heap after
{Heap after GC invocations=103 (full 7):
 PSYoungGen      total 14336K, used 1186K [0x00000000eab00000, 0x00000000ebb00000, 0x0000000100000000)
  eden space 12800K, 0% used [0x00000000eab00000,0x00000000eab00000,0x00000000eb780000)
  from space 1536K, 77% used [0x00000000eb900000,0x00000000eba28800,0x00000000eba80000)
  to   space 512K, 0% used [0x00000000eba80000,0x00000000eba80000,0x00000000ebb00000)
 ParOldGen       total 166912K, used 137606K [0x00000000c0000000, 0x00000000ca300000, 0x00000000eab00000)
  object space 166912K, 82% used [0x00000000c0000000,0x00000000c86618a8,0x00000000ca300000)
 Metaspace       used 73331K, committed 74496K, reserved 1122304K
  class space    used 7561K, committed 8064K, reserved 1048576K
}
Event: 49,928 GC heap before
{Heap before GC invocations=104 (full 7):
 PSYoungGen      total 14336K, used 13596K [0x00000000eab00000, 0x00000000ebb00000, 0x0000000100000000)
  eden space 12800K, 96% used [0x00000000eab00000,0x00000000eb71e9b8,0x00000000eb780000)
  from space 1536K, 77% used [0x00000000eb900000,0x00000000eba28800,0x00000000eba80000)
  to   space 512K, 0% used [0x00000000eba80000,0x00000000eba80000,0x00000000ebb00000)
 ParOldGen       total 166912K, used 137606K [0x00000000c0000000, 0x00000000ca300000, 0x00000000eab00000)
  object space 166912K, 82% used [0x00000000c0000000,0x00000000c86618a8,0x00000000ca300000)
 Metaspace       used 73392K, committed 74560K, reserved 1122304K
  class space    used 7568K, committed 8064K, reserved 1048576K
}
Event: 49,936 GC heap after
{Heap after GC invocations=104 (full 7):
 PSYoungGen      total 14848K, used 512K [0x00000000eab00000, 0x00000000ebc00000, 0x0000000100000000)
  eden space 14336K, 0% used [0x00000000eab00000,0x00000000eab00000,0x00000000eb900000)
  from space 512K, 100% used [0x00000000eba80000,0x00000000ebb00000,0x00000000ebb00000)
  to   space 1536K, 0% used [0x00000000eb900000,0x00000000eb900000,0x00000000eba80000)
 ParOldGen       total 166912K, used 138528K [0x00000000c0000000, 0x00000000ca300000, 0x00000000eab00000)
  object space 166912K, 82% used [0x00000000c0000000,0x00000000c87483d0,0x00000000ca300000)
 Metaspace       used 73392K, committed 74560K, reserved 1122304K
  class space    used 7568K, committed 8064K, reserved 1048576K
}
Event: 49,969 GC heap before
{Heap before GC invocations=105 (full 7):
 PSYoungGen      total 14848K, used 14650K [0x00000000eab00000, 0x00000000ebc00000, 0x0000000100000000)
  eden space 14336K, 98% used [0x00000000eab00000,0x00000000eb8ce8a0,0x00000000eb900000)
  from space 512K, 100% used [0x00000000eba80000,0x00000000ebb00000,0x00000000ebb00000)
  to   space 1536K, 0% used [0x00000000eb900000,0x00000000eb900000,0x00000000eba80000)
 ParOldGen       total 166912K, used 138528K [0x00000000c0000000, 0x00000000ca300000, 0x00000000eab00000)
  object space 166912K, 82% used [0x00000000c0000000,0x00000000c87483d0,0x00000000ca300000)
 Metaspace       used 73398K, committed 74560K, reserved 1122304K
  class space    used 7568K, committed 8064K, reserved 1048576K
}
Event: 49,971 GC heap after
{Heap after GC invocations=105 (full 7):
 PSYoungGen      total 15872K, used 1216K [0x00000000eab00000, 0x00000000ebd80000, 0x0000000100000000)
  eden space 14336K, 0% used [0x00000000eab00000,0x00000000eab00000,0x00000000eb900000)
  from space 1536K, 79% used [0x00000000eb900000,0x00000000eba30000,0x00000000eba80000)
  to   space 1536K, 0% used [0x00000000ebc00000,0x00000000ebc00000,0x00000000ebd80000)
 ParOldGen       total 166912K, used 138560K [0x00000000c0000000, 0x00000000ca300000, 0x00000000eab00000)
  object space 166912K, 83% used [0x00000000c0000000,0x00000000c87503d0,0x00000000ca300000)
 Metaspace       used 73398K, committed 74560K, reserved 1122304K
  class space    used 7568K, committed 8064K, reserved 1048576K
}

