# JRE version: OpenJDK Runtime Environment (19.0.1+10) (build 19.0.1+10-Ubuntu-1ubuntu122.04)
# Java VM: OpenJDK 64-Bit Server VM (19.0.1+10-Ubuntu-1ubuntu122.04, mixed mode, sharing, tiered, compressed oops, compressed class ptrs, g1 gc, linux-amd64)
GC Precious Log:
 CardTable entry size: 512
 Card Set container configuration: InlinePtr #cards 5 size 8 Array Of Cards #cards 12 size 40 Howl #buckets 4 coarsen threshold 1843 Howl Bitmap #cards 512 size 80 coarsen threshold 460 Card regions per heap region 1 cards per card region 2048
 CPUs: 4 total, 4 available
 Memory: 7949M
 Large Page Support: Disabled
 NUMA Support: Disabled
 Compressed Oops: Enabled (32-bit)
 Heap Region Size: 1M
 Heap Min Capacity: 8M
 Heap Initial Capacity: 126M
 Heap Max Capacity: 1988M
 Pre-touch: Disabled
 Parallel Workers: 4
 Concurrent Workers: 1
 Concurrent Refinement Workers: 4
 Periodic GC: Disabled
Heap:
 garbage-first heap   total 131072K, used 25855K [0x0000000083c00000, 0x0000000100000000)
  region size 1024K, 16 young (16384K), 2 survivors (2048K)
 Metaspace       used 11464K, committed 11776K, reserved 1114112K
  class space    used 1281K, committed 1408K, reserved 1048576K
GC Heap History (6 events):
Event: 1,056 GC heap before
{Heap before GC invocations=0 (full 0):
 garbage-first heap   total 131072K, used 15328K [0x0000000083c00000, 0x0000000100000000)
  region size 1024K, 13 young (13312K), 0 survivors (0K)
 Metaspace       used 2879K, committed 3072K, reserved 1114112K
  class space    used 276K, committed 384K, reserved 1048576K
}
Event: 1,088 GC heap after
{Heap after GC invocations=1 (full 0):
 garbage-first heap   total 131072K, used 10592K [0x0000000083c00000, 0x0000000100000000)
  region size 1024K, 2 young (2048K), 2 survivors (2048K)
 Metaspace       used 2879K, committed 3072K, reserved 1114112K
  class space    used 276K, committed 384K, reserved 1048576K
}
Event: 1,690 GC heap before
{Heap before GC invocations=1 (full 0):
 garbage-first heap   total 131072K, used 19808K [0x0000000083c00000, 0x0000000100000000)
  region size 1024K, 11 young (11264K), 2 survivors (2048K)
 Metaspace       used 7402K, committed 7616K, reserved 1114112K
  class space    used 770K, committed 896K, reserved 1048576K
}
Event: 1,695 GC heap after
{Heap after GC invocations=2 (full 0):
 garbage-first heap   total 131072K, used 12011K [0x0000000083c00000, 0x0000000100000000)
  region size 1024K, 2 young (2048K), 2 survivors (2048K)
 Metaspace       used 7402K, committed 7616K, reserved 1114112K
  class space    used 770K, committed 896K, reserved 1048576K
}
Event: 1,898 GC heap before
{Heap before GC invocations=2 (full 0):
 garbage-first heap   total 131072K, used 32491K [0x0000000083c00000, 0x0000000100000000)
  region size 1024K, 22 young (22528K), 2 survivors (2048K)
 Metaspace       used 8383K, committed 8640K, reserved 1114112K
  class space    used 889K, committed 1024K, reserved 1048576K
}
Event: 1,901 GC heap after
{Heap after GC invocations=3 (full 0):
 garbage-first heap   total 131072K, used 12543K [0x0000000083c00000, 0x0000000100000000)
  region size 1024K, 2 young (2048K), 2 survivors (2048K)
 Metaspace       used 8383K, committed 8640K, reserved 1114112K
  class space    used 889K, committed 1024K, reserved 1048576K
}

