# JRE version: OpenJDK Runtime Environment Temurin-17.0.6+10 (17.0.6+10) (build 17.0.6+10)
# Java VM: OpenJDK 64-Bit Server VM Temurin-17.0.6+10 (17.0.6+10, mixed mode, tiered, compressed oops, compressed class ptrs, parallel gc, linux-amd64)
GC Precious Log:
 CPUs: 4 total, 4 available
 Memory: 7949M
 Large Page Support: Disabled
 NUMA Support: Disabled
 Compressed Oops: Enabled (32-bit)
 Alignments: Space 512K, Generation 512K, Heap 2M
 Heap Min Capacity: 100M
 Heap Initial Capacity: 100M
 Heap Max Capacity: 1G
 Pre-touch: Disabled
 Parallel Workers: 4
Heap:
 PSYoungGen      total 24064K, used 16748K [0x00000000eab00000, 0x00000000ec500000, 0x0000000100000000)
  eden space 22528K, 70% used [0x00000000eab00000,0x00000000eba6e520,0x00000000ec100000)
  from space 1536K, 61% used [0x00000000ec280000,0x00000000ec36ce48,0x00000000ec400000)
  to   space 1024K, 0% used [0x00000000ec400000,0x00000000ec400000,0x00000000ec500000)
 ParOldGen       total 123904K, used 113712K [0x00000000c0000000, 0x00000000c7900000, 0x00000000eab00000)
  object space 123904K, 91% used [0x00000000c0000000,0x00000000c6f0c188,0x00000000c7900000)
 Metaspace       used 80929K, committed 82048K, reserved 1122304K
  class space    used 8421K, committed 8960K, reserved 1048576K
GC Heap History (20 events):
Event: 1972,051 GC heap before
{Heap before GC invocations=129 (full 6):
 PSYoungGen      total 25088K, used 25046K [0x00000000eab00000, 0x00000000ee000000, 0x0000000100000000)
  eden space 21504K, 99% used [0x00000000eab00000,0x00000000ebff9248,0x00000000ec000000)
  from space 3584K, 99% used [0x00000000ec100000,0x00000000ec47c7b8,0x00000000ec480000)
  to   space 16384K, 0% used [0x00000000ed000000,0x00000000ed000000,0x00000000ee000000)
 ParOldGen       total 123904K, used 107428K [0x00000000c0000000, 0x00000000c7900000, 0x00000000eab00000)
  object space 123904K, 86% used [0x00000000c0000000,0x00000000c68e92a8,0x00000000c7900000)
 Metaspace       used 78580K, committed 79680K, reserved 1122304K
  class space    used 8158K, committed 8640K, reserved 1048576K
}
Event: 1972,056 GC heap after
{Heap after GC invocations=129 (full 6):
 PSYoungGen      total 28160K, used 6243K [0x00000000eab00000, 0x00000000ed680000, 0x0000000100000000)
  eden space 21504K, 0% used [0x00000000eab00000,0x00000000eab00000,0x00000000ec000000)
  from space 6656K, 93% used [0x00000000ed000000,0x00000000ed618dd8,0x00000000ed680000)
  to   space 9216K, 0% used [0x00000000ec480000,0x00000000ec480000,0x00000000ecd80000)
 ParOldGen       total 123904K, used 107970K [0x00000000c0000000, 0x00000000c7900000, 0x00000000eab00000)
  object space 123904K, 87% used [0x00000000c0000000,0x00000000c6970a28,0x00000000c7900000)
 Metaspace       used 78580K, committed 79680K, reserved 1122304K
  class space    used 8158K, committed 8640K, reserved 1048576K
}
Event: 1974,317 GC heap before
{Heap before GC invocations=130 (full 6):
 PSYoungGen      total 28160K, used 27747K [0x00000000eab00000, 0x00000000ed680000, 0x0000000100000000)
  eden space 21504K, 100% used [0x00000000eab00000,0x00000000ec000000,0x00000000ec000000)
  from space 6656K, 93% used [0x00000000ed000000,0x00000000ed618dd8,0x00000000ed680000)
  to   space 9216K, 0% used [0x00000000ec480000,0x00000000ec480000,0x00000000ecd80000)
 ParOldGen       total 123904K, used 107970K [0x00000000c0000000, 0x00000000c7900000, 0x00000000eab00000)
  object space 123904K, 87% used [0x00000000c0000000,0x00000000c6970a28,0x00000000c7900000)
 Metaspace       used 79961K, committed 81088K, reserved 1122304K
  class space    used 8323K, committed 8896K, reserved 1048576K
}
Event: 1974,322 GC heap after
{Heap after GC invocations=130 (full 6):
 PSYoungGen      total 28160K, used 6245K [0x00000000eab00000, 0x00000000ed080000, 0x0000000100000000)
  eden space 21504K, 0% used [0x00000000eab00000,0x00000000eab00000,0x00000000ec000000)
  from space 6656K, 93% used [0x00000000ec480000,0x00000000eca99600,0x00000000ecb00000)
  to   space 5632K, 0% used [0x00000000ecb00000,0x00000000ecb00000,0x00000000ed080000)
 ParOldGen       total 123904K, used 107978K [0x00000000c0000000, 0x00000000c7900000, 0x00000000eab00000)
  object space 123904K, 87% used [0x00000000c0000000,0x00000000c6972a28,0x00000000c7900000)
 Metaspace       used 79961K, committed 81088K, reserved 1122304K
  class space    used 8323K, committed 8896K, reserved 1048576K
}
Event: 1974,383 GC heap before
{Heap before GC invocations=131 (full 6):
 PSYoungGen      total 28160K, used 27589K [0x00000000eab00000, 0x00000000ed080000, 0x0000000100000000)
  eden space 21504K, 99% used [0x00000000eab00000,0x00000000ebfd80c0,0x00000000ec000000)
  from space 6656K, 93% used [0x00000000ec480000,0x00000000eca99600,0x00000000ecb00000)
  to   space 5632K, 0% used [0x00000000ecb00000,0x00000000ecb00000,0x00000000ed080000)
 ParOldGen       total 123904K, used 107978K [0x00000000c0000000, 0x00000000c7900000, 0x00000000eab00000)
  object space 123904K, 87% used [0x00000000c0000000,0x00000000c6972a28,0x00000000c7900000)
 Metaspace       used 80052K, committed 81216K, reserved 1122304K
  class space    used 8323K, committed 8896K, reserved 1048576K
}
Event: 1974,390 GC heap after
{Heap after GC invocations=131 (full 6):
 PSYoungGen      total 28160K, used 5611K [0x00000000eab00000, 0x00000000ed080000, 0x0000000100000000)
  eden space 22528K, 0% used [0x00000000eab00000,0x00000000eab00000,0x00000000ec100000)
  from space 5632K, 99% used [0x00000000ecb00000,0x00000000ed07ad00,0x00000000ed080000)
  to   space 7168K, 0% used [0x00000000ec280000,0x00000000ec280000,0x00000000ec980000)
 ParOldGen       total 123904K, used 108997K [0x00000000c0000000, 0x00000000c7900000, 0x00000000eab00000)
  object space 123904K, 87% used [0x00000000c0000000,0x00000000c6a715b8,0x00000000c7900000)
 Metaspace       used 80052K, committed 81216K, reserved 1122304K
  class space    used 8323K, committed 8896K, reserved 1048576K
}
Event: 1976,077 GC heap before
{Heap before GC invocations=132 (full 6):
 PSYoungGen      total 28160K, used 28139K [0x00000000eab00000, 0x00000000ed080000, 0x0000000100000000)
  eden space 22528K, 100% used [0x00000000eab00000,0x00000000ec100000,0x00000000ec100000)
  from space 5632K, 99% used [0x00000000ecb00000,0x00000000ed07ad00,0x00000000ed080000)
  to   space 7168K, 0% used [0x00000000ec280000,0x00000000ec280000,0x00000000ec980000)
 ParOldGen       total 123904K, used 108997K [0x00000000c0000000, 0x00000000c7900000, 0x00000000eab00000)
  object space 123904K, 87% used [0x00000000c0000000,0x00000000c6a715b8,0x00000000c7900000)
 Metaspace       used 80117K, committed 81280K, reserved 1122304K
  class space    used 8325K, committed 8896K, reserved 1048576K
}
Event: 1976,080 GC heap after
{Heap after GC invocations=132 (full 6):
 PSYoungGen      total 27648K, used 4993K [0x00000000eab00000, 0x00000000ecc00000, 0x0000000100000000)
  eden space 22528K, 0% used [0x00000000eab00000,0x00000000eab00000,0x00000000ec100000)
  from space 5120K, 97% used [0x00000000ec280000,0x00000000ec760410,0x00000000ec780000)
  to   space 4608K, 0% used [0x00000000ec780000,0x00000000ec780000,0x00000000ecc00000)
 ParOldGen       total 123904K, used 109061K [0x00000000c0000000, 0x00000000c7900000, 0x00000000eab00000)
  object space 123904K, 88% used [0x00000000c0000000,0x00000000c6a815b8,0x00000000c7900000)
 Metaspace       used 80117K, committed 81280K, reserved 1122304K
  class space    used 8325K, committed 8896K, reserved 1048576K
}
Event: 2023,565 GC heap before
{Heap before GC invocations=133 (full 6):
 PSYoungGen      total 27648K, used 27521K [0x00000000eab00000, 0x00000000ecc00000, 0x0000000100000000)
  eden space 22528K, 100% used [0x00000000eab00000,0x00000000ec100000,0x00000000ec100000)
  from space 5120K, 97% used [0x00000000ec280000,0x00000000ec760410,0x00000000ec780000)
  to   space 4608K, 0% used [0x00000000ec780000,0x00000000ec780000,0x00000000ecc00000)
 ParOldGen       total 123904K, used 109061K [0x00000000c0000000, 0x00000000c7900000, 0x00000000eab00000)
  object space 123904K, 88% used [0x00000000c0000000,0x00000000c6a815b8,0x00000000c7900000)
 Metaspace       used 80181K, committed 81344K, reserved 1122304K
  class space    used 8325K, committed 8896K, reserved 1048576K
}
Event: 2023,570 GC heap after
{Heap after GC invocations=133 (full 6):
 PSYoungGen      total 27136K, used 4582K [0x00000000eab00000, 0x00000000ecc00000, 0x0000000100000000)
  eden space 22528K, 0% used [0x00000000eab00000,0x00000000eab00000,0x00000000ec100000)
  from space 4608K, 99% used [0x00000000ec780000,0x00000000ecbf9b10,0x00000000ecc00000)
  to   space 5120K, 0% used [0x00000000ec200000,0x00000000ec200000,0x00000000ec700000)
 ParOldGen       total 123904K, used 109389K [0x00000000c0000000, 0x00000000c7900000, 0x00000000eab00000)
  object space 123904K, 88% used [0x00000000c0000000,0x00000000c6ad35b8,0x00000000c7900000)
 Metaspace       used 80181K, committed 81344K, reserved 1122304K
  class space    used 8325K, committed 8896K, reserved 1048576K
}
Event: 2024,853 GC heap before
{Heap before GC invocations=134 (full 6):
 PSYoungGen      total 27136K, used 27110K [0x00000000eab00000, 0x00000000ecc00000, 0x0000000100000000)
  eden space 22528K, 100% used [0x00000000eab00000,0x00000000ec100000,0x00000000ec100000)
  from space 4608K, 99% used [0x00000000ec780000,0x00000000ecbf9b10,0x00000000ecc00000)
  to   space 5120K, 0% used [0x00000000ec200000,0x00000000ec200000,0x00000000ec700000)
 ParOldGen       total 123904K, used 109389K [0x00000000c0000000, 0x00000000c7900000, 0x00000000eab00000)
  object space 123904K, 88% used [0x00000000c0000000,0x00000000c6ad35b8,0x00000000c7900000)
 Metaspace       used 80250K, committed 81408K, reserved 1122304K
  class space    used 8331K, committed 8896K, reserved 1048576K
}
Event: 2024,856 GC heap after
{Heap after GC invocations=134 (full 6):
 PSYoungGen      total 27136K, used 4246K [0x00000000eab00000, 0x00000000eca00000, 0x0000000100000000)
  eden space 22528K, 0% used [0x00000000eab00000,0x00000000eab00000,0x00000000ec100000)
  from space 4608K, 92% used [0x00000000ec200000,0x00000000ec625b00,0x00000000ec680000)
  to   space 3584K, 0% used [0x00000000ec680000,0x00000000ec680000,0x00000000eca00000)
 ParOldGen       total 123904K, used 110512K [0x00000000c0000000, 0x00000000c7900000, 0x00000000eab00000)
  object space 123904K, 89% used [0x00000000c0000000,0x00000000c6bec3c8,0x00000000c7900000)
 Metaspace       used 80250K, committed 81408K, reserved 1122304K
  class space    used 8331K, committed 8896K, reserved 1048576K
}
Event: 2025,246 GC heap before
{Heap before GC invocations=135 (full 6):
 PSYoungGen      total 27136K, used 26774K [0x00000000eab00000, 0x00000000eca00000, 0x0000000100000000)
  eden space 22528K, 100% used [0x00000000eab00000,0x00000000ec100000,0x00000000ec100000)
  from space 4608K, 92% used [0x00000000ec200000,0x00000000ec625b00,0x00000000ec680000)
  to   space 3584K, 0% used [0x00000000ec680000,0x00000000ec680000,0x00000000eca00000)
 ParOldGen       total 123904K, used 110512K [0x00000000c0000000, 0x00000000c7900000, 0x00000000eab00000)
  object space 123904K, 89% used [0x00000000c0000000,0x00000000c6bec3c8,0x00000000c7900000)
 Metaspace       used 80297K, committed 81472K, reserved 1122304K
  class space    used 8332K, committed 8896K, reserved 1048576K
}
Event: 2025,249 GC heap after
{Heap after GC invocations=135 (full 6):
 PSYoungGen      total 26112K, used 3580K [0x00000000eab00000, 0x00000000eca00000, 0x0000000100000000)
  eden space 22528K, 0% used [0x00000000eab00000,0x00000000eab00000,0x00000000ec100000)
  from space 3584K, 99% used [0x00000000ec680000,0x00000000ec9ff200,0x00000000eca00000)
  to   space 4096K, 0% used [0x00000000ec200000,0x00000000ec200000,0x00000000ec600000)
 ParOldGen       total 123904K, used 110853K [0x00000000c0000000, 0x00000000c7900000, 0x00000000eab00000)
  object space 123904K, 89% used [0x00000000c0000000,0x00000000c6c415a0,0x00000000c7900000)
 Metaspace       used 80297K, committed 81472K, reserved 1122304K
  class space    used 8332K, committed 8896K, reserved 1048576K
}
Event: 2025,283 GC heap before
{Heap before GC invocations=136 (full 6):
 PSYoungGen      total 26112K, used 26108K [0x00000000eab00000, 0x00000000eca00000, 0x0000000100000000)
  eden space 22528K, 100% used [0x00000000eab00000,0x00000000ec100000,0x00000000ec100000)
  from space 3584K, 99% used [0x00000000ec680000,0x00000000ec9ff200,0x00000000eca00000)
  to   space 4096K, 0% used [0x00000000ec200000,0x00000000ec200000,0x00000000ec600000)
 ParOldGen       total 123904K, used 110853K [0x00000000c0000000, 0x00000000c7900000, 0x00000000eab00000)
  object space 123904K, 89% used [0x00000000c0000000,0x00000000c6c415a0,0x00000000c7900000)
 Metaspace       used 80322K, committed 81472K, reserved 1122304K
  class space    used 8332K, committed 8896K, reserved 1048576K
}
Event: 2025,286 GC heap after
{Heap after GC invocations=136 (full 6):
 PSYoungGen      total 25088K, used 1340K [0x00000000eab00000, 0x00000000ec700000, 0x0000000100000000)
  eden space 23552K, 0% used [0x00000000eab00000,0x00000000eab00000,0x00000000ec200000)
  from space 1536K, 87% used [0x00000000ec200000,0x00000000ec34f248,0x00000000ec380000)
  to   space 2560K, 0% used [0x00000000ec480000,0x00000000ec480000,0x00000000ec700000)
 ParOldGen       total 123904K, used 113704K [0x00000000c0000000, 0x00000000c7900000, 0x00000000eab00000)
  object space 123904K, 91% used [0x00000000c0000000,0x00000000c6f0a188,0x00000000c7900000)
 Metaspace       used 80322K, committed 81472K, reserved 1122304K
  class space    used 8332K, committed 8896K, reserved 1048576K
}
Event: 2025,321 GC heap before
{Heap before GC invocations=137 (full 6):
 PSYoungGen      total 25088K, used 24892K [0x00000000eab00000, 0x00000000ec700000, 0x0000000100000000)
  eden space 23552K, 100% used [0x00000000eab00000,0x00000000ec200000,0x00000000ec200000)
  from space 1536K, 87% used [0x00000000ec200000,0x00000000ec34f248,0x00000000ec380000)
  to   space 2560K, 0% used [0x00000000ec480000,0x00000000ec480000,0x00000000ec700000)
 ParOldGen       total 123904K, used 113704K [0x00000000c0000000, 0x00000000c7900000, 0x00000000eab00000)
  object space 123904K, 91% used [0x00000000c0000000,0x00000000c6f0a188,0x00000000c7900000)
 Metaspace       used 80327K, committed 81472K, reserved 1122304K
  class space    used 8332K, committed 8896K, reserved 1048576K
}
Event: 2025,322 GC heap after
{Heap after GC invocations=137 (full 6):
 PSYoungGen      total 24064K, used 851K [0x00000000eab00000, 0x00000000ec580000, 0x0000000100000000)
  eden space 23040K, 0% used [0x00000000eab00000,0x00000000eab00000,0x00000000ec180000)
  from space 1024K, 83% used [0x00000000ec480000,0x00000000ec554e48,0x00000000ec580000)
  to   space 1536K, 0% used [0x00000000ec280000,0x00000000ec280000,0x00000000ec400000)
 ParOldGen       total 123904K, used 113712K [0x00000000c0000000, 0x00000000c7900000, 0x00000000eab00000)
  object space 123904K, 91% used [0x00000000c0000000,0x00000000c6f0c188,0x00000000c7900000)
 Metaspace       used 80327K, committed 81472K, reserved 1122304K
  class space    used 8332K, committed 8896K, reserved 1048576K
}
Event: 2026,464 GC heap before
{Heap before GC invocations=138 (full 6):
 PSYoungGen      total 24064K, used 23891K [0x00000000eab00000, 0x00000000ec580000, 0x0000000100000000)
  eden space 23040K, 100% used [0x00000000eab00000,0x00000000ec180000,0x00000000ec180000)
  from space 1024K, 83% used [0x00000000ec480000,0x00000000ec554e48,0x00000000ec580000)
  to   space 1536K, 0% used [0x00000000ec280000,0x00000000ec280000,0x00000000ec400000)
 ParOldGen       total 123904K, used 113712K [0x00000000c0000000, 0x00000000c7900000, 0x00000000eab00000)
  object space 123904K, 91% used [0x00000000c0000000,0x00000000c6f0c188,0x00000000c7900000)
 Metaspace       used 80830K, committed 81920K, reserved 1122304K
  class space    used 8417K, committed 8960K, reserved 1048576K
}
Event: 2026,466 GC heap after
{Heap after GC invocations=138 (full 6):
 PSYoungGen      total 24064K, used 947K [0x00000000eab00000, 0x00000000ec500000, 0x0000000100000000)
  eden space 22528K, 0% used [0x00000000eab00000,0x00000000eab00000,0x00000000ec100000)
  from space 1536K, 61% used [0x00000000ec280000,0x00000000ec36ce48,0x00000000ec400000)
  to   space 1024K, 0% used [0x00000000ec400000,0x00000000ec400000,0x00000000ec500000)
 ParOldGen       total 123904K, used 113712K [0x00000000c0000000, 0x00000000c7900000, 0x00000000eab00000)
  object space 123904K, 91% used [0x00000000c0000000,0x00000000c6f0c188,0x00000000c7900000)
 Metaspace       used 80830K, committed 81920K, reserved 1122304K
  class space    used 8417K, committed 8960K, reserved 1048576K
}

