# JRE version: OpenJDK Runtime Environment Temurin-17.0.6+10 (17.0.6+10) (build 17.0.6+10)
# Java VM: OpenJDK 64-Bit Server VM Temurin-17.0.6+10 (17.0.6+10, mixed mode, tiered, compressed oops, compressed class ptrs, parallel gc, linux-amd64)
GC Precious Log:
 CPUs: 4 total, 4 available
 Memory: 7949M
 Large Page Support: Disabled
 NUMA Support: Disabled
 Compressed Oops: Enabled (32-bit)
 Alignments: Space 512K, Generation 512K, Heap 2M
 Heap Min Capacity: 100M
 Heap Initial Capacity: 100M
 Heap Max Capacity: 1G
 Pre-touch: Disabled
 Parallel Workers: 4
Heap:
 PSYoungGen      total 9728K, used 1750K [0x00000000eab00000, 0x00000000eb600000, 0x0000000100000000)
  eden space 8192K, 4% used [0x00000000eab00000,0x00000000eab5d898,0x00000000eb300000)
  from space 1536K, 89% used [0x00000000eb300000,0x00000000eb458000,0x00000000eb480000)
  to   space 1536K, 0% used [0x00000000eb480000,0x00000000eb480000,0x00000000eb600000)
 ParOldGen       total 143872K, used 100832K [0x00000000c0000000, 0x00000000c8c80000, 0x00000000eab00000)
  object space 143872K, 70% used [0x00000000c0000000,0x00000000c6278210,0x00000000c8c80000)
 Metaspace       used 78859K, committed 80192K, reserved 1122304K
  class space    used 8096K, committed 8704K, reserved 1048576K
GC Heap History (20 events):
Event: 439,111 GC heap before
{Heap before GC invocations=181 (full 9):
 PSYoungGen      total 10752K, used 10676K [0x00000000eab00000, 0x00000000eb780000, 0x0000000100000000)
  eden space 9728K, 100% used [0x00000000eab00000,0x00000000eb480000,0x00000000eb480000)
  from space 1024K, 92% used [0x00000000eb480000,0x00000000eb56d200,0x00000000eb580000)
  to   space 1024K, 0% used [0x00000000eb680000,0x00000000eb680000,0x00000000eb780000)
 ParOldGen       total 158208K, used 153213K [0x00000000c0000000, 0x00000000c9a80000, 0x00000000eab00000)
  object space 158208K, 96% used [0x00000000c0000000,0x00000000c959f488,0x00000000c9a80000)
 Metaspace       used 78813K, committed 80128K, reserved 1122304K
  class space    used 8095K, committed 8704K, reserved 1048576K
}
Event: 439,113 GC heap after
{Heap after GC invocations=181 (full 9):
 PSYoungGen      total 10752K, used 996K [0x00000000eab00000, 0x00000000eb780000, 0x0000000100000000)
  eden space 9728K, 0% used [0x00000000eab00000,0x00000000eab00000,0x00000000eb480000)
  from space 1024K, 97% used [0x00000000eb680000,0x00000000eb779210,0x00000000eb780000)
  to   space 1536K, 0% used [0x00000000eb480000,0x00000000eb480000,0x00000000eb600000)
 ParOldGen       total 158208K, used 153253K [0x00000000c0000000, 0x00000000c9a80000, 0x00000000eab00000)
  object space 158208K, 96% used [0x00000000c0000000,0x00000000c95a9488,0x00000000c9a80000)
 Metaspace       used 78813K, committed 80128K, reserved 1122304K
  class space    used 8095K, committed 8704K, reserved 1048576K
}
Event: 439,193 GC heap before
{Heap before GC invocations=182 (full 9):
 PSYoungGen      total 10752K, used 10724K [0x00000000eab00000, 0x00000000eb780000, 0x0000000100000000)
  eden space 9728K, 100% used [0x00000000eab00000,0x00000000eb480000,0x00000000eb480000)
  from space 1024K, 97% used [0x00000000eb680000,0x00000000eb779210,0x00000000eb780000)
  to   space 1536K, 0% used [0x00000000eb480000,0x00000000eb480000,0x00000000eb600000)
 ParOldGen       total 158208K, used 153253K [0x00000000c0000000, 0x00000000c9a80000, 0x00000000eab00000)
  object space 158208K, 96% used [0x00000000c0000000,0x00000000c95a9488,0x00000000c9a80000)
 Metaspace       used 78815K, committed 80128K, reserved 1122304K
  class space    used 8095K, committed 8704K, reserved 1048576K
}
Event: 439,196 GC heap after
{Heap after GC invocations=182 (full 9):
 PSYoungGen      total 11264K, used 1534K [0x00000000eab00000, 0x00000000eb980000, 0x0000000100000000)
  eden space 9728K, 0% used [0x00000000eab00000,0x00000000eab00000,0x00000000eb480000)
  from space 1536K, 99% used [0x00000000eb480000,0x00000000eb5ffb10,0x00000000eb600000)
  to   space 2560K, 0% used [0x00000000eb700000,0x00000000eb700000,0x00000000eb980000)
 ParOldGen       total 158208K, used 154037K [0x00000000c0000000, 0x00000000c9a80000, 0x00000000eab00000)
  object space 158208K, 97% used [0x00000000c0000000,0x00000000c966d4c8,0x00000000c9a80000)
 Metaspace       used 78815K, committed 80128K, reserved 1122304K
  class space    used 8095K, committed 8704K, reserved 1048576K
}
Event: 439,273 GC heap before
{Heap before GC invocations=183 (full 9):
 PSYoungGen      total 11264K, used 11262K [0x00000000eab00000, 0x00000000eb980000, 0x0000000100000000)
  eden space 9728K, 100% used [0x00000000eab00000,0x00000000eb480000,0x00000000eb480000)
  from space 1536K, 99% used [0x00000000eb480000,0x00000000eb5ffb10,0x00000000eb600000)
  to   space 2560K, 0% used [0x00000000eb700000,0x00000000eb700000,0x00000000eb980000)
 ParOldGen       total 158208K, used 154037K [0x00000000c0000000, 0x00000000c9a80000, 0x00000000eab00000)
  object space 158208K, 97% used [0x00000000c0000000,0x00000000c966d4c8,0x00000000c9a80000)
 Metaspace       used 78826K, committed 80192K, reserved 1122304K
  class space    used 8095K, committed 8704K, reserved 1048576K
}
Event: 439,275 GC heap after
{Heap after GC invocations=183 (full 9):
 PSYoungGen      total 11776K, used 2541K [0x00000000eab00000, 0x00000000eba80000, 0x0000000100000000)
  eden space 9216K, 0% used [0x00000000eab00000,0x00000000eab00000,0x00000000eb400000)
  from space 2560K, 99% used [0x00000000eb700000,0x00000000eb97b610,0x00000000eb980000)
  to   space 3072K, 0% used [0x00000000eb400000,0x00000000eb400000,0x00000000eb700000)
 ParOldGen       total 158208K, used 154389K [0x00000000c0000000, 0x00000000c9a80000, 0x00000000eab00000)
  object space 158208K, 97% used [0x00000000c0000000,0x00000000c96c54e8,0x00000000c9a80000)
 Metaspace       used 78826K, committed 80192K, reserved 1122304K
  class space    used 8095K, committed 8704K, reserved 1048576K
}
Event: 440,058 GC heap before
{Heap before GC invocations=184 (full 9):
 PSYoungGen      total 11776K, used 11757K [0x00000000eab00000, 0x00000000eba80000, 0x0000000100000000)
  eden space 9216K, 100% used [0x00000000eab00000,0x00000000eb400000,0x00000000eb400000)
  from space 2560K, 99% used [0x00000000eb700000,0x00000000eb97b610,0x00000000eb980000)
  to   space 3072K, 0% used [0x00000000eb400000,0x00000000eb400000,0x00000000eb700000)
 ParOldGen       total 158208K, used 154389K [0x00000000c0000000, 0x00000000c9a80000, 0x00000000eab00000)
  object space 158208K, 97% used [0x00000000c0000000,0x00000000c96c54e8,0x00000000c9a80000)
 Metaspace       used 78833K, committed 80192K, reserved 1122304K
  class space    used 8095K, committed 8704K, reserved 1048576K
}
Event: 440,060 GC heap after
{Heap after GC invocations=184 (full 9):
 PSYoungGen      total 12288K, used 2393K [0x00000000eab00000, 0x00000000eba00000, 0x0000000100000000)
  eden space 9216K, 0% used [0x00000000eab00000,0x00000000eab00000,0x00000000eb400000)
  from space 3072K, 77% used [0x00000000eb400000,0x00000000eb656410,0x00000000eb700000)
  to   space 3072K, 0% used [0x00000000eb700000,0x00000000eb700000,0x00000000eba00000)
 ParOldGen       total 158208K, used 155897K [0x00000000c0000000, 0x00000000c9a80000, 0x00000000eab00000)
  object space 158208K, 98% used [0x00000000c0000000,0x00000000c983e688,0x00000000c9a80000)
 Metaspace       used 78833K, committed 80192K, reserved 1122304K
  class space    used 8095K, committed 8704K, reserved 1048576K
}
Event: 441,460 GC heap before
{Heap before GC invocations=185 (full 9):
 PSYoungGen      total 12288K, used 11609K [0x00000000eab00000, 0x00000000eba00000, 0x0000000100000000)
  eden space 9216K, 100% used [0x00000000eab00000,0x00000000eb400000,0x00000000eb400000)
  from space 3072K, 77% used [0x00000000eb400000,0x00000000eb656410,0x00000000eb700000)
  to   space 3072K, 0% used [0x00000000eb700000,0x00000000eb700000,0x00000000eba00000)
 ParOldGen       total 158208K, used 155897K [0x00000000c0000000, 0x00000000c9a80000, 0x00000000eab00000)
  object space 158208K, 98% used [0x00000000c0000000,0x00000000c983e688,0x00000000c9a80000)
 Metaspace       used 78835K, committed 80192K, reserved 1122304K
  class space    used 8095K, committed 8704K, reserved 1048576K
}
Event: 441,462 GC heap after
{Heap after GC invocations=185 (full 9):
 PSYoungGen      total 10752K, used 1140K [0x00000000eab00000, 0x00000000eb880000, 0x0000000100000000)
  eden space 9216K, 0% used [0x00000000eab00000,0x00000000eab00000,0x00000000eb400000)
  from space 1536K, 74% used [0x00000000eb700000,0x00000000eb81d200,0x00000000eb880000)
  to   space 2048K, 0% used [0x00000000eb480000,0x00000000eb480000,0x00000000eb680000)
 ParOldGen       total 158208K, used 155897K [0x00000000c0000000, 0x00000000c9a80000, 0x00000000eab00000)
  object space 158208K, 98% used [0x00000000c0000000,0x00000000c983e688,0x00000000c9a80000)
 Metaspace       used 78835K, committed 80192K, reserved 1122304K
  class space    used 8095K, committed 8704K, reserved 1048576K
}
Event: 441,497 GC heap before
{Heap before GC invocations=186 (full 9):
 PSYoungGen      total 10752K, used 10356K [0x00000000eab00000, 0x00000000eb880000, 0x0000000100000000)
  eden space 9216K, 100% used [0x00000000eab00000,0x00000000eb400000,0x00000000eb400000)
  from space 1536K, 74% used [0x00000000eb700000,0x00000000eb81d200,0x00000000eb880000)
  to   space 2048K, 0% used [0x00000000eb480000,0x00000000eb480000,0x00000000eb680000)
 ParOldGen       total 158208K, used 155897K [0x00000000c0000000, 0x00000000c9a80000, 0x00000000eab00000)
  object space 158208K, 98% used [0x00000000c0000000,0x00000000c983e688,0x00000000c9a80000)
 Metaspace       used 78839K, committed 80192K, reserved 1122304K
  class space    used 8095K, committed 8704K, reserved 1048576K
}
Event: 441,499 GC heap after
{Heap after GC invocations=186 (full 9):
 PSYoungGen      total 10752K, used 1098K [0x00000000eab00000, 0x00000000eb780000, 0x0000000100000000)
  eden space 9216K, 0% used [0x00000000eab00000,0x00000000eab00000,0x00000000eb400000)
  from space 1536K, 71% used [0x00000000eb480000,0x00000000eb592910,0x00000000eb600000)
  to   space 1536K, 0% used [0x00000000eb600000,0x00000000eb600000,0x00000000eb780000)
 ParOldGen       total 158208K, used 155897K [0x00000000c0000000, 0x00000000c9a80000, 0x00000000eab00000)
  object space 158208K, 98% used [0x00000000c0000000,0x00000000c983e688,0x00000000c9a80000)
 Metaspace       used 78839K, committed 80192K, reserved 1122304K
  class space    used 8095K, committed 8704K, reserved 1048576K
}
Event: 441,530 GC heap before
{Heap before GC invocations=187 (full 9):
 PSYoungGen      total 10752K, used 10314K [0x00000000eab00000, 0x00000000eb780000, 0x0000000100000000)
  eden space 9216K, 100% used [0x00000000eab00000,0x00000000eb400000,0x00000000eb400000)
  from space 1536K, 71% used [0x00000000eb480000,0x00000000eb592910,0x00000000eb600000)
  to   space 1536K, 0% used [0x00000000eb600000,0x00000000eb600000,0x00000000eb780000)
 ParOldGen       total 158208K, used 155897K [0x00000000c0000000, 0x00000000c9a80000, 0x00000000eab00000)
  object space 158208K, 98% used [0x00000000c0000000,0x00000000c983e688,0x00000000c9a80000)
 Metaspace       used 78839K, committed 80192K, reserved 1122304K
  class space    used 8096K, committed 8704K, reserved 1048576K
}
Event: 441,531 GC heap after
{Heap after GC invocations=187 (full 9):
 PSYoungGen      total 9728K, used 1534K [0x00000000eab00000, 0x00000000eba00000, 0x0000000100000000)
  eden space 8192K, 0% used [0x00000000eab00000,0x00000000eab00000,0x00000000eb300000)
  from space 1536K, 99% used [0x00000000eb600000,0x00000000eb77fb10,0x00000000eb780000)
  to   space 3072K, 0% used [0x00000000eb300000,0x00000000eb300000,0x00000000eb600000)
 ParOldGen       total 158208K, used 156827K [0x00000000c0000000, 0x00000000c9a80000, 0x00000000eab00000)
  object space 158208K, 99% used [0x00000000c0000000,0x00000000c9926ff8,0x00000000c9a80000)
 Metaspace       used 78839K, committed 80192K, reserved 1122304K
  class space    used 8096K, committed 8704K, reserved 1048576K
}
Event: 441,586 GC heap before
{Heap before GC invocations=188 (full 9):
 PSYoungGen      total 9728K, used 9726K [0x00000000eab00000, 0x00000000eba00000, 0x0000000100000000)
  eden space 8192K, 100% used [0x00000000eab00000,0x00000000eb300000,0x00000000eb300000)
  from space 1536K, 99% used [0x00000000eb600000,0x00000000eb77fb10,0x00000000eb780000)
  to   space 3072K, 0% used [0x00000000eb300000,0x00000000eb300000,0x00000000eb600000)
 ParOldGen       total 158208K, used 156827K [0x00000000c0000000, 0x00000000c9a80000, 0x00000000eab00000)
  object space 158208K, 99% used [0x00000000c0000000,0x00000000c9926ff8,0x00000000c9a80000)
 Metaspace       used 78845K, committed 80192K, reserved 1122304K
  class space    used 8096K, committed 8704K, reserved 1048576K
}
Event: 441,588 GC heap after
{Heap after GC invocations=188 (full 9):
 PSYoungGen      total 10240K, used 1561K [0x00000000eab00000, 0x00000000eb700000, 0x0000000100000000)
  eden space 8192K, 0% used [0x00000000eab00000,0x00000000eab00000,0x00000000eb300000)
  from space 2048K, 76% used [0x00000000eb300000,0x00000000eb486410,0x00000000eb500000)
  to   space 2048K, 0% used [0x00000000eb500000,0x00000000eb500000,0x00000000eb700000)
 ParOldGen       total 158208K, used 157885K [0x00000000c0000000, 0x00000000c9a80000, 0x00000000eab00000)
  object space 158208K, 99% used [0x00000000c0000000,0x00000000c9a2f738,0x00000000c9a80000)
 Metaspace       used 78845K, committed 80192K, reserved 1122304K
  class space    used 8096K, committed 8704K, reserved 1048576K
}
Event: 441,588 GC heap before
{Heap before GC invocations=189 (full 10):
 PSYoungGen      total 10240K, used 1561K [0x00000000eab00000, 0x00000000eb700000, 0x0000000100000000)
  eden space 8192K, 0% used [0x00000000eab00000,0x00000000eab00000,0x00000000eb300000)
  from space 2048K, 76% used [0x00000000eb300000,0x00000000eb486410,0x00000000eb500000)
  to   space 2048K, 0% used [0x00000000eb500000,0x00000000eb500000,0x00000000eb700000)
 ParOldGen       total 158208K, used 157885K [0x00000000c0000000, 0x00000000c9a80000, 0x00000000eab00000)
  object space 158208K, 99% used [0x00000000c0000000,0x00000000c9a2f738,0x00000000c9a80000)
 Metaspace       used 78845K, committed 80192K, reserved 1122304K
  class space    used 8096K, committed 8704K, reserved 1048576K
}
Event: 441,658 GC heap after
{Heap after GC invocations=189 (full 10):
 PSYoungGen      total 10240K, used 0K [0x00000000eab00000, 0x00000000eb700000, 0x0000000100000000)
  eden space 8192K, 0% used [0x00000000eab00000,0x00000000eab00000,0x00000000eb300000)
  from space 2048K, 0% used [0x00000000eb500000,0x00000000eb500000,0x00000000eb700000)
  to   space 2048K, 0% used [0x00000000eb300000,0x00000000eb300000,0x00000000eb500000)
 ParOldGen       total 143872K, used 100832K [0x00000000c0000000, 0x00000000c8c80000, 0x00000000eab00000)
  object space 143872K, 70% used [0x00000000c0000000,0x00000000c6278210,0x00000000c8c80000)
 Metaspace       used 78845K, committed 80192K, reserved 1122304K
  class space    used 8096K, committed 8704K, reserved 1048576K
}
Event: 441,674 GC heap before
{Heap before GC invocations=190 (full 10):
 PSYoungGen      total 10240K, used 8192K [0x00000000eab00000, 0x00000000eb700000, 0x0000000100000000)
  eden space 8192K, 100% used [0x00000000eab00000,0x00000000eb300000,0x00000000eb300000)
  from space 2048K, 0% used [0x00000000eb500000,0x00000000eb500000,0x00000000eb700000)
  to   space 2048K, 0% used [0x00000000eb300000,0x00000000eb300000,0x00000000eb500000)
 ParOldGen       total 143872K, used 100832K [0x00000000c0000000, 0x00000000c8c80000, 0x00000000eab00000)
  object space 143872K, 70% used [0x00000000c0000000,0x00000000c6278210,0x00000000c8c80000)
 Metaspace       used 78859K, committed 80192K, reserved 1122304K
  class space    used 8096K, committed 8704K, reserved 1048576K
}
Event: 441,675 GC heap after
{Heap after GC invocations=190 (full 10):
 PSYoungGen      total 9728K, used 1376K [0x00000000eab00000, 0x00000000eb600000, 0x0000000100000000)
  eden space 8192K, 0% used [0x00000000eab00000,0x00000000eab00000,0x00000000eb300000)
  from space 1536K, 89% used [0x00000000eb300000,0x00000000eb458000,0x00000000eb480000)
  to   space 1536K, 0% used [0x00000000eb480000,0x00000000eb480000,0x00000000eb600000)
 ParOldGen       total 143872K, used 100832K [0x00000000c0000000, 0x00000000c8c80000, 0x00000000eab00000)
  object space 143872K, 70% used [0x00000000c0000000,0x00000000c6278210,0x00000000c8c80000)
 Metaspace       used 78859K, committed 80192K, reserved 1122304K
  class space    used 8096K, committed 8704K, reserved 1048576K
}

