# JRE version: OpenJDK Runtime Environment Temurin-17.0.6+10 (17.0.6+10) (build 17.0.6+10)
# Java VM: OpenJDK 64-Bit Server VM Temurin-17.0.6+10 (17.0.6+10, mixed mode, tiered, compressed oops, compressed class ptrs, parallel gc, linux-amd64)
GC Precious Log:
 CPUs: 4 total, 4 available
 Memory: 7949M
 Large Page Support: Disabled
 NUMA Support: Disabled
 Compressed Oops: Enabled (32-bit)
 Alignments: Space 512K, Generation 512K, Heap 2M
 Heap Min Capacity: 100M
 Heap Initial Capacity: 100M
 Heap Max Capacity: 1G
 Pre-touch: Disabled
 Parallel Workers: 4
Heap:
 PSYoungGen      total 19968K, used 16884K [0x00000000eab00000, 0x00000000ec880000, 0x0000000100000000)
  eden space 9728K, 73% used [0x00000000eab00000,0x00000000eb1f9a08,0x00000000eb480000)
  from space 10240K, 95% used [0x00000000eb480000,0x00000000ebe03810,0x00000000ebe80000)
  to   space 10240K, 0% used [0x00000000ebe80000,0x00000000ebe80000,0x00000000ec880000)
 ParOldGen       total 216064K, used 174676K [0x00000000c0000000, 0x00000000cd300000, 0x00000000eab00000)
  object space 216064K, 80% used [0x00000000c0000000,0x00000000caa951e8,0x00000000cd300000)
 Metaspace       used 94172K, committed 95424K, reserved 1138688K
  class space    used 9251K, committed 9792K, reserved 1048576K
GC Heap History (20 events):
Event: 10491,702 GC heap before
{Heap before GC invocations=5155 (full 199):
 PSYoungGen      total 13312K, used 13065K [0x00000000eab00000, 0x00000000eb980000, 0x0000000100000000)
  eden space 11776K, 100% used [0x00000000eab00000,0x00000000eb680000,0x00000000eb680000)
  from space 1536K, 83% used [0x00000000eb680000,0x00000000eb7c2400,0x00000000eb800000)
  to   space 1536K, 0% used [0x00000000eb800000,0x00000000eb800000,0x00000000eb980000)
 ParOldGen       total 216064K, used 155391K [0x00000000c0000000, 0x00000000cd300000, 0x00000000eab00000)
  object space 216064K, 71% used [0x00000000c0000000,0x00000000c97bff90,0x00000000cd300000)
 Metaspace       used 93883K, committed 95104K, reserved 1138688K
  class space    used 9203K, committed 9728K, reserved 1048576K
}
Event: 10491,706 GC heap after
{Heap after GC invocations=5155 (full 199):
 PSYoungGen      total 12288K, used 314K [0x00000000eab00000, 0x00000000eb880000, 0x0000000100000000)
  eden space 11776K, 0% used [0x00000000eab00000,0x00000000eab00000,0x00000000eb680000)
  from space 512K, 61% used [0x00000000eb800000,0x00000000eb84e900,0x00000000eb880000)
  to   space 1024K, 0% used [0x00000000eb680000,0x00000000eb680000,0x00000000eb780000)
 ParOldGen       total 216064K, used 156023K [0x00000000c0000000, 0x00000000cd300000, 0x00000000eab00000)
  object space 216064K, 72% used [0x00000000c0000000,0x00000000c985df90,0x00000000cd300000)
 Metaspace       used 93883K, committed 95104K, reserved 1138688K
  class space    used 9203K, committed 9728K, reserved 1048576K
}
Event: 10491,723 GC heap before
{Heap before GC invocations=5156 (full 199):
 PSYoungGen      total 12288K, used 12090K [0x00000000eab00000, 0x00000000eb880000, 0x0000000100000000)
  eden space 11776K, 100% used [0x00000000eab00000,0x00000000eb680000,0x00000000eb680000)
  from space 512K, 61% used [0x00000000eb800000,0x00000000eb84e900,0x00000000eb880000)
  to   space 1024K, 0% used [0x00000000eb680000,0x00000000eb680000,0x00000000eb780000)
 ParOldGen       total 216064K, used 156023K [0x00000000c0000000, 0x00000000cd300000, 0x00000000eab00000)
  object space 216064K, 72% used [0x00000000c0000000,0x00000000c985df90,0x00000000cd300000)
 Metaspace       used 93883K, committed 95104K, reserved 1138688K
  class space    used 9203K, committed 9728K, reserved 1048576K
}
Event: 10491,725 GC heap after
{Heap after GC invocations=5156 (full 199):
 PSYoungGen      total 12800K, used 340K [0x00000000eab00000, 0x00000000eb880000, 0x0000000100000000)
  eden space 11776K, 0% used [0x00000000eab00000,0x00000000eab00000,0x00000000eb680000)
  from space 1024K, 33% used [0x00000000eb680000,0x00000000eb6d5200,0x00000000eb780000)
  to   space 512K, 0% used [0x00000000eb800000,0x00000000eb800000,0x00000000eb880000)
 ParOldGen       total 216064K, used 156047K [0x00000000c0000000, 0x00000000cd300000, 0x00000000eab00000)
  object space 216064K, 72% used [0x00000000c0000000,0x00000000c9863f90,0x00000000cd300000)
 Metaspace       used 93883K, committed 95104K, reserved 1138688K
  class space    used 9203K, committed 9728K, reserved 1048576K
}
Event: 10491,733 GC heap before
{Heap before GC invocations=5157 (full 199):
 PSYoungGen      total 12800K, used 12116K [0x00000000eab00000, 0x00000000eb880000, 0x0000000100000000)
  eden space 11776K, 100% used [0x00000000eab00000,0x00000000eb680000,0x00000000eb680000)
  from space 1024K, 33% used [0x00000000eb680000,0x00000000eb6d5200,0x00000000eb780000)
  to   space 512K, 0% used [0x00000000eb800000,0x00000000eb800000,0x00000000eb880000)
 ParOldGen       total 216064K, used 156047K [0x00000000c0000000, 0x00000000cd300000, 0x00000000eab00000)
  object space 216064K, 72% used [0x00000000c0000000,0x00000000c9863f90,0x00000000cd300000)
 Metaspace       used 93883K, committed 95104K, reserved 1138688K
  class space    used 9203K, committed 9728K, reserved 1048576K
}
Event: 10491,735 GC heap after
{Heap after GC invocations=5157 (full 199):
 PSYoungGen      total 12288K, used 489K [0x00000000eab00000, 0x00000000eb880000, 0x0000000100000000)
  eden space 11776K, 0% used [0x00000000eab00000,0x00000000eab00000,0x00000000eb680000)
  from space 512K, 95% used [0x00000000eb800000,0x00000000eb87a400,0x00000000eb880000)
  to   space 1024K, 0% used [0x00000000eb680000,0x00000000eb680000,0x00000000eb780000)
 ParOldGen       total 216064K, used 156135K [0x00000000c0000000, 0x00000000cd300000, 0x00000000eab00000)
  object space 216064K, 72% used [0x00000000c0000000,0x00000000c9879f90,0x00000000cd300000)
 Metaspace       used 93883K, committed 95104K, reserved 1138688K
  class space    used 9203K, committed 9728K, reserved 1048576K
}
Event: 10491,743 GC heap before
{Heap before GC invocations=5158 (full 199):
 PSYoungGen      total 12288K, used 12265K [0x00000000eab00000, 0x00000000eb880000, 0x0000000100000000)
  eden space 11776K, 100% used [0x00000000eab00000,0x00000000eb680000,0x00000000eb680000)
  from space 512K, 95% used [0x00000000eb800000,0x00000000eb87a400,0x00000000eb880000)
  to   space 1024K, 0% used [0x00000000eb680000,0x00000000eb680000,0x00000000eb780000)
 ParOldGen       total 216064K, used 156135K [0x00000000c0000000, 0x00000000cd300000, 0x00000000eab00000)
  object space 216064K, 72% used [0x00000000c0000000,0x00000000c9879f90,0x00000000cd300000)
 Metaspace       used 93883K, committed 95104K, reserved 1138688K
  class space    used 9203K, committed 9728K, reserved 1048576K
}
Event: 10491,745 GC heap after
{Heap after GC invocations=5158 (full 199):
 PSYoungGen      total 12800K, used 585K [0x00000000eab00000, 0x00000000eba80000, 0x0000000100000000)
  eden space 11776K, 0% used [0x00000000eab00000,0x00000000eab00000,0x00000000eb680000)
  from space 1024K, 57% used [0x00000000eb680000,0x00000000eb712400,0x00000000eb780000)
  to   space 1024K, 0% used [0x00000000eb980000,0x00000000eb980000,0x00000000eba80000)
 ParOldGen       total 216064K, used 156420K [0x00000000c0000000, 0x00000000cd300000, 0x00000000eab00000)
  object space 216064K, 72% used [0x00000000c0000000,0x00000000c98c1190,0x00000000cd300000)
 Metaspace       used 93883K, committed 95104K, reserved 1138688K
  class space    used 9203K, committed 9728K, reserved 1048576K
}
Event: 10491,762 GC heap before
{Heap before GC invocations=5159 (full 199):
 PSYoungGen      total 12800K, used 12361K [0x00000000eab00000, 0x00000000eba80000, 0x0000000100000000)
  eden space 11776K, 100% used [0x00000000eab00000,0x00000000eb680000,0x00000000eb680000)
  from space 1024K, 57% used [0x00000000eb680000,0x00000000eb712400,0x00000000eb780000)
  to   space 1024K, 0% used [0x00000000eb980000,0x00000000eb980000,0x00000000eba80000)
 ParOldGen       total 216064K, used 156420K [0x00000000c0000000, 0x00000000cd300000, 0x00000000eab00000)
  object space 216064K, 72% used [0x00000000c0000000,0x00000000c98c1190,0x00000000cd300000)
 Metaspace       used 93883K, committed 95104K, reserved 1138688K
  class space    used 9203K, committed 9728K, reserved 1048576K
}
Event: 10491,764 GC heap after
{Heap after GC invocations=5159 (full 199):
 PSYoungGen      total 12800K, used 707K [0x00000000eab00000, 0x00000000eba80000, 0x0000000100000000)
  eden space 11776K, 0% used [0x00000000eab00000,0x00000000eab00000,0x00000000eb680000)
  from space 1024K, 69% used [0x00000000eb980000,0x00000000eba30d00,0x00000000eba80000)
  to   space 1024K, 0% used [0x00000000eb680000,0x00000000eb680000,0x00000000eb780000)
 ParOldGen       total 216064K, used 156452K [0x00000000c0000000, 0x00000000cd300000, 0x00000000eab00000)
  object space 216064K, 72% used [0x00000000c0000000,0x00000000c98c9190,0x00000000cd300000)
 Metaspace       used 93883K, committed 95104K, reserved 1138688K
  class space    used 9203K, committed 9728K, reserved 1048576K
}
Event: 10491,771 GC heap before
{Heap before GC invocations=5160 (full 199):
 PSYoungGen      total 12800K, used 12483K [0x00000000eab00000, 0x00000000eba80000, 0x0000000100000000)
  eden space 11776K, 100% used [0x00000000eab00000,0x00000000eb680000,0x00000000eb680000)
  from space 1024K, 69% used [0x00000000eb980000,0x00000000eba30d00,0x00000000eba80000)
  to   space 1024K, 0% used [0x00000000eb680000,0x00000000eb680000,0x00000000eb780000)
 ParOldGen       total 216064K, used 156452K [0x00000000c0000000, 0x00000000cd300000, 0x00000000eab00000)
  object space 216064K, 72% used [0x00000000c0000000,0x00000000c98c9190,0x00000000cd300000)
 Metaspace       used 93883K, committed 95104K, reserved 1138688K
  class space    used 9203K, committed 9728K, reserved 1048576K
}
Event: 10491,772 GC heap after
{Heap after GC invocations=5160 (full 199):
 PSYoungGen      total 12800K, used 718K [0x00000000eab00000, 0x00000000eba00000, 0x0000000100000000)
  eden space 11776K, 0% used [0x00000000eab00000,0x00000000eab00000,0x00000000eb680000)
  from space 1024K, 70% used [0x00000000eb680000,0x00000000eb733b00,0x00000000eb780000)
  to   space 1024K, 0% used [0x00000000eb900000,0x00000000eb900000,0x00000000eba00000)
 ParOldGen       total 216064K, used 156476K [0x00000000c0000000, 0x00000000cd300000, 0x00000000eab00000)
  object space 216064K, 72% used [0x00000000c0000000,0x00000000c98cf190,0x00000000cd300000)
 Metaspace       used 93883K, committed 95104K, reserved 1138688K
  class space    used 9203K, committed 9728K, reserved 1048576K
}
Event: 10614,680 GC heap before
{Heap before GC invocations=5161 (full 199):
 PSYoungGen      total 12800K, used 12494K [0x00000000eab00000, 0x00000000eba00000, 0x0000000100000000)
  eden space 11776K, 100% used [0x00000000eab00000,0x00000000eb680000,0x00000000eb680000)
  from space 1024K, 70% used [0x00000000eb680000,0x00000000eb733b00,0x00000000eb780000)
  to   space 1024K, 0% used [0x00000000eb900000,0x00000000eb900000,0x00000000eba00000)
 ParOldGen       total 216064K, used 156476K [0x00000000c0000000, 0x00000000cd300000, 0x00000000eab00000)
  object space 216064K, 72% used [0x00000000c0000000,0x00000000c98cf190,0x00000000cd300000)
 Metaspace       used 93981K, committed 95168K, reserved 1138688K
  class space    used 9222K, committed 9728K, reserved 1048576K
}
Event: 10614,681 GC heap after
{Heap after GC invocations=5161 (full 199):
 PSYoungGen      total 12288K, used 128K [0x00000000eab00000, 0x00000000eb980000, 0x0000000100000000)
  eden space 11776K, 0% used [0x00000000eab00000,0x00000000eab00000,0x00000000eb680000)
  from space 512K, 25% used [0x00000000eb900000,0x00000000eb920000,0x00000000eb980000)
  to   space 512K, 0% used [0x00000000eb880000,0x00000000eb880000,0x00000000eb900000)
 ParOldGen       total 216064K, used 156500K [0x00000000c0000000, 0x00000000cd300000, 0x00000000eab00000)
  object space 216064K, 72% used [0x00000000c0000000,0x00000000c98d5190,0x00000000cd300000)
 Metaspace       used 93981K, committed 95168K, reserved 1138688K
  class space    used 9222K, committed 9728K, reserved 1048576K
}
Event: 10614,775 GC heap before
{Heap before GC invocations=5162 (full 199):
 PSYoungGen      total 12288K, used 11904K [0x00000000eab00000, 0x00000000eb980000, 0x0000000100000000)
  eden space 11776K, 100% used [0x00000000eab00000,0x00000000eb680000,0x00000000eb680000)
  from space 512K, 25% used [0x00000000eb900000,0x00000000eb920000,0x00000000eb980000)
  to   space 512K, 0% used [0x00000000eb880000,0x00000000eb880000,0x00000000eb900000)
 ParOldGen       total 216064K, used 156500K [0x00000000c0000000, 0x00000000cd300000, 0x00000000eab00000)
  object space 216064K, 72% used [0x00000000c0000000,0x00000000c98d5190,0x00000000cd300000)
 Metaspace       used 94165K, committed 95360K, reserved 1138688K
  class space    used 9250K, committed 9792K, reserved 1048576K
}
Event: 10614,779 GC heap after
{Heap after GC invocations=5162 (full 199):
 PSYoungGen      total 12288K, used 512K [0x00000000eab00000, 0x00000000eca80000, 0x0000000100000000)
  eden space 11776K, 0% used [0x00000000eab00000,0x00000000eab00000,0x00000000eb680000)
  from space 512K, 100% used [0x00000000eb880000,0x00000000eb900000,0x00000000eb900000)
  to   space 10240K, 0% used [0x00000000ec080000,0x00000000ec080000,0x00000000eca80000)
 ParOldGen       total 216064K, used 164713K [0x00000000c0000000, 0x00000000cd300000, 0x00000000eab00000)
  object space 216064K, 76% used [0x00000000c0000000,0x00000000ca0da430,0x00000000cd300000)
 Metaspace       used 94165K, committed 95360K, reserved 1138688K
  class space    used 9250K, committed 9792K, reserved 1048576K
}
Event: 10614,808 GC heap before
{Heap before GC invocations=5163 (full 199):
 PSYoungGen      total 12288K, used 12288K [0x00000000eab00000, 0x00000000eca80000, 0x0000000100000000)
  eden space 11776K, 100% used [0x00000000eab00000,0x00000000eb680000,0x00000000eb680000)
  from space 512K, 100% used [0x00000000eb880000,0x00000000eb900000,0x00000000eb900000)
  to   space 10240K, 0% used [0x00000000ec080000,0x00000000ec080000,0x00000000eca80000)
 ParOldGen       total 216064K, used 164713K [0x00000000c0000000, 0x00000000cd300000, 0x00000000eab00000)
  object space 216064K, 76% used [0x00000000c0000000,0x00000000ca0da430,0x00000000cd300000)
 Metaspace       used 94165K, committed 95360K, reserved 1138688K
  class space    used 9250K, committed 9792K, reserved 1048576K
}
Event: 10614,813 GC heap after
{Heap after GC invocations=5163 (full 199):
 PSYoungGen      total 19968K, used 10218K [0x00000000eab00000, 0x00000000ece80000, 0x0000000100000000)
  eden space 9728K, 0% used [0x00000000eab00000,0x00000000eab00000,0x00000000eb480000)
  from space 10240K, 99% used [0x00000000ec080000,0x00000000eca7a800,0x00000000eca80000)
  to   space 12288K, 0% used [0x00000000eb480000,0x00000000eb480000,0x00000000ec080000)
 ParOldGen       total 216064K, used 165556K [0x00000000c0000000, 0x00000000cd300000, 0x00000000eab00000)
  object space 216064K, 76% used [0x00000000c0000000,0x00000000ca1ad1e8,0x00000000cd300000)
 Metaspace       used 94165K, committed 95360K, reserved 1138688K
  class space    used 9250K, committed 9792K, reserved 1048576K
}
Event: 10614,866 GC heap before
{Heap before GC invocations=5164 (full 199):
 PSYoungGen      total 19968K, used 19946K [0x00000000eab00000, 0x00000000ece80000, 0x0000000100000000)
  eden space 9728K, 100% used [0x00000000eab00000,0x00000000eb480000,0x00000000eb480000)
  from space 10240K, 99% used [0x00000000ec080000,0x00000000eca7a800,0x00000000eca80000)
  to   space 12288K, 0% used [0x00000000eb480000,0x00000000eb480000,0x00000000ec080000)
 ParOldGen       total 216064K, used 165556K [0x00000000c0000000, 0x00000000cd300000, 0x00000000eab00000)
  object space 216064K, 76% used [0x00000000c0000000,0x00000000ca1ad1e8,0x00000000cd300000)
 Metaspace       used 94165K, committed 95360K, reserved 1138688K
  class space    used 9250K, committed 9792K, reserved 1048576K
}
Event: 10614,874 GC heap after
{Heap after GC invocations=5164 (full 199):
 PSYoungGen      total 19968K, used 9742K [0x00000000eab00000, 0x00000000ec880000, 0x0000000100000000)
  eden space 9728K, 0% used [0x00000000eab00000,0x00000000eab00000,0x00000000eb480000)
  from space 10240K, 95% used [0x00000000eb480000,0x00000000ebe03810,0x00000000ebe80000)
  to   space 10240K, 0% used [0x00000000ebe80000,0x00000000ebe80000,0x00000000ec880000)
 ParOldGen       total 216064K, used 174676K [0x00000000c0000000, 0x00000000cd300000, 0x00000000eab00000)
  object space 216064K, 80% used [0x00000000c0000000,0x00000000caa951e8,0x00000000cd300000)
 Metaspace       used 94165K, committed 95360K, reserved 1138688K
  class space    used 9250K, committed 9792K, reserved 1048576K
}

