# JRE version: OpenJDK Runtime Environment (19.0.1+10) (build 19.0.1+10-Ubuntu-1ubuntu122.04)
# Java VM: OpenJDK 64-Bit Server VM (19.0.1+10-Ubuntu-1ubuntu122.04, mixed mode, sharing, tiered, compressed oops, compressed class ptrs, g1 gc, linux-amd64)
GC Precious Log:
 CardTable entry size: 512
 Card Set container configuration: InlinePtr #cards 5 size 8 Array Of Cards #cards 12 size 40 Howl #buckets 4 coarsen threshold 1843 Howl Bitmap #cards 512 size 80 coarsen threshold 460 Card regions per heap region 1 cards per card region 2048
 CPUs: 4 total, 4 available
 Memory: 7949M
 Large Page Support: Disabled
 NUMA Support: Disabled
 Compressed Oops: Enabled (32-bit)
 Heap Region Size: 1M
 Heap Min Capacity: 8M
 Heap Initial Capacity: 126M
 Heap Max Capacity: 1988M
 Pre-touch: Disabled
 Parallel Workers: 4
 Concurrent Workers: 1
 Concurrent Refinement Workers: 4
 Periodic GC: Disabled
Heap:
 garbage-first heap   total 122880K, used 60871K [0x0000000083c00000, 0x0000000100000000)
  region size 1024K, 13 young (13312K), 3 survivors (3072K)
 Metaspace       used 77288K, committed 78080K, reserved 1179648K
  class space    used 10033K, committed 10368K, reserved 1048576K
GC Heap History (20 events):
Event: 2,520 GC heap before
{Heap before GC invocations=6 (full 0):
 garbage-first heap   total 102400K, used 32305K [0x0000000083c00000, 0x0000000100000000)
  region size 1024K, 7 young (7168K), 6 survivors (6144K)
 Metaspace       used 32447K, committed 32832K, reserved 1114112K
  class space    used 3856K, committed 4032K, reserved 1048576K
}
Event: 2,528 GC heap after
{Heap after GC invocations=7 (full 0):
 garbage-first heap   total 122880K, used 32482K [0x0000000083c00000, 0x0000000100000000)
  region size 1024K, 1 young (1024K), 1 survivors (1024K)
 Metaspace       used 32447K, committed 32832K, reserved 1114112K
  class space    used 3856K, committed 4032K, reserved 1048576K
}
Event: 3,104 GC heap before
{Heap before GC invocations=7 (full 0):
 garbage-first heap   total 122880K, used 68322K [0x0000000083c00000, 0x0000000100000000)
  region size 1024K, 38 young (38912K), 1 survivors (1024K)
 Metaspace       used 36198K, committed 36608K, reserved 1114112K
  class space    used 4344K, committed 4544K, reserved 1048576K
}
Event: 3,111 GC heap after
{Heap after GC invocations=8 (full 0):
 garbage-first heap   total 122880K, used 34607K [0x0000000083c00000, 0x0000000100000000)
  region size 1024K, 4 young (4096K), 4 survivors (4096K)
 Metaspace       used 36198K, committed 36608K, reserved 1114112K
  class space    used 4344K, committed 4544K, reserved 1048576K
}
Event: 4,040 GC heap before
{Heap before GC invocations=9 (full 0):
 garbage-first heap   total 122880K, used 85807K [0x0000000083c00000, 0x0000000100000000)
  region size 1024K, 54 young (55296K), 4 survivors (4096K)
 Metaspace       used 44034K, committed 44608K, reserved 1114112K
  class space    used 5391K, committed 5632K, reserved 1048576K
}
Event: 4,046 GC heap after
{Heap after GC invocations=10 (full 0):
 garbage-first heap   total 122880K, used 40093K [0x0000000083c00000, 0x0000000100000000)
  region size 1024K, 7 young (7168K), 7 survivors (7168K)
 Metaspace       used 44034K, committed 44608K, reserved 1114112K
  class space    used 5391K, committed 5632K, reserved 1048576K
}
Event: 4,058 GC heap before
{Heap before GC invocations=10 (full 0):
 garbage-first heap   total 122880K, used 41117K [0x0000000083c00000, 0x0000000100000000)
  region size 1024K, 8 young (8192K), 7 survivors (7168K)
 Metaspace       used 44079K, committed 44672K, reserved 1114112K
  class space    used 5394K, committed 5632K, reserved 1048576K
}
Event: 4,066 GC heap after
{Heap after GC invocations=11 (full 0):
 garbage-first heap   total 122880K, used 40706K [0x0000000083c00000, 0x0000000100000000)
  region size 1024K, 1 young (1024K), 1 survivors (1024K)
 Metaspace       used 44079K, committed 44672K, reserved 1114112K
  class space    used 5394K, committed 5632K, reserved 1048576K
}
Event: 4,712 GC heap before
{Heap before GC invocations=11 (full 0):
 garbage-first heap   total 122880K, used 97026K [0x0000000083c00000, 0x0000000100000000)
  region size 1024K, 49 young (50176K), 1 survivors (1024K)
 Metaspace       used 47335K, committed 48000K, reserved 1114112K
  class space    used 5833K, committed 6144K, reserved 1048576K
}
Event: 4,716 GC heap after
{Heap after GC invocations=12 (full 0):
 garbage-first heap   total 122880K, used 44038K [0x0000000083c00000, 0x0000000100000000)
  region size 1024K, 5 young (5120K), 5 survivors (5120K)
 Metaspace       used 47335K, committed 48000K, reserved 1114112K
  class space    used 5833K, committed 6144K, reserved 1048576K
}
Event: 6,118 GC heap before
{Heap before GC invocations=12 (full 0):
 garbage-first heap   total 122880K, used 91142K [0x0000000083c00000, 0x0000000100000000)
  region size 1024K, 51 young (52224K), 5 survivors (5120K)
 Metaspace       used 59612K, committed 60352K, reserved 1114112K
  class space    used 7475K, committed 7808K, reserved 1048576K
}
Event: 6,123 GC heap after
{Heap after GC invocations=13 (full 0):
 garbage-first heap   total 122880K, used 47053K [0x0000000083c00000, 0x0000000100000000)
  region size 1024K, 4 young (4096K), 4 survivors (4096K)
 Metaspace       used 59612K, committed 60352K, reserved 1114112K
  class space    used 7475K, committed 7808K, reserved 1048576K
}
Event: 6,225 GC heap before
{Heap before GC invocations=13 (full 0):
 garbage-first heap   total 122880K, used 51149K [0x0000000083c00000, 0x0000000100000000)
  region size 1024K, 9 young (9216K), 4 survivors (4096K)
 Metaspace       used 60578K, committed 61248K, reserved 1114112K
  class space    used 7597K, committed 7936K, reserved 1048576K
}
Event: 6,228 GC heap after
{Heap after GC invocations=14 (full 0):
 garbage-first heap   total 122880K, used 47459K [0x0000000083c00000, 0x0000000100000000)
  region size 1024K, 4 young (4096K), 4 survivors (4096K)
 Metaspace       used 60578K, committed 61248K, reserved 1114112K
  class space    used 7597K, committed 7936K, reserved 1048576K
}
Event: 7,148 GC heap before
{Heap before GC invocations=15 (full 0):
 garbage-first heap   total 122880K, used 94563K [0x0000000083c00000, 0x0000000100000000)
  region size 1024K, 50 young (51200K), 4 survivors (4096K)
 Metaspace       used 71631K, committed 72384K, reserved 1114112K
  class space    used 9325K, committed 9664K, reserved 1048576K
}
Event: 7,153 GC heap after
{Heap after GC invocations=16 (full 0):
 garbage-first heap   total 122880K, used 49756K [0x0000000083c00000, 0x0000000100000000)
  region size 1024K, 6 young (6144K), 6 survivors (6144K)
 Metaspace       used 71631K, committed 72384K, reserved 1114112K
  class space    used 9325K, committed 9664K, reserved 1048576K
}
Event: 7,157 GC heap before
{Heap before GC invocations=16 (full 0):
 garbage-first heap   total 122880K, used 50780K [0x0000000083c00000, 0x0000000100000000)
  region size 1024K, 7 young (7168K), 6 survivors (6144K)
 Metaspace       used 71631K, committed 72384K, reserved 1114112K
  class space    used 9325K, committed 9664K, reserved 1048576K
}
Event: 7,162 GC heap after
{Heap after GC invocations=17 (full 0):
 garbage-first heap   total 122880K, used 49710K [0x0000000083c00000, 0x0000000100000000)
  region size 1024K, 1 young (1024K), 1 survivors (1024K)
 Metaspace       used 71631K, committed 72384K, reserved 1114112K
  class space    used 9325K, committed 9664K, reserved 1048576K
}
Event: 7,705 GC heap before
{Heap before GC invocations=17 (full 0):
 garbage-first heap   total 122880K, used 95790K [0x0000000083c00000, 0x0000000100000000)
  region size 1024K, 47 young (48128K), 1 survivors (1024K)
 Metaspace       used 75840K, committed 76608K, reserved 1179648K
  class space    used 9831K, committed 10176K, reserved 1048576K
}
Event: 7,708 GC heap after
{Heap after GC invocations=18 (full 0):
 garbage-first heap   total 122880K, used 51655K [0x0000000083c00000, 0x0000000100000000)
  region size 1024K, 3 young (3072K), 3 survivors (3072K)
 Metaspace       used 75840K, committed 76608K, reserved 1179648K
  class space    used 9831K, committed 10176K, reserved 1048576K
}

